Unity Editor version:    2022.3.9f1 (ea401c316338)
Branch:                  2022.3/staging
Build type:              Release
Batch mode:              YES
macOS version:           Version 14.3.1 (Build 23D60)
Darwin version:          23.3.0
Architecture:            arm64
Running under Rosetta:   NO
Available memory:        8192 MB
Using pre-set license
Pro License: YES

COMMAND LINE ARGUMENTS:
/Users/kyeonghunkim/Desktop/Unity/2022.3.9f1/Unity.app/Contents/MacOS/Unity
-adb2
-batchMode
-noUpm
-name
AssetImportWorker1
-projectPath
/Users/kyeonghunkim/Desktop/포트폴리오/2D_TeamProject
-logFile
Logs/AssetImportWorker1.log
-srvPort
50823
Successfully changed project path to: /Users/kyeonghunkim/Desktop/포트폴리오/2D_TeamProject
/Users/kyeonghunkim/Desktop/포트폴리오/2D_TeamProject
[UnityMemory] Configuration Parameters - Can be set up in boot.config
    "memorysetup-bucket-allocator-granularity=16"
    "memorysetup-bucket-allocator-bucket-count=8"
    "memorysetup-bucket-allocator-block-size=33554432"
    "memorysetup-bucket-allocator-block-count=8"
    "memorysetup-main-allocator-block-size=16777216"
    "memorysetup-thread-allocator-block-size=16777216"
    "memorysetup-gfx-main-allocator-block-size=16777216"
    "memorysetup-gfx-thread-allocator-block-size=16777216"
    "memorysetup-cache-allocator-block-size=4194304"
    "memorysetup-typetree-allocator-block-size=2097152"
    "memorysetup-profiler-bucket-allocator-granularity=16"
    "memorysetup-profiler-bucket-allocator-bucket-count=8"
    "memorysetup-profiler-bucket-allocator-block-size=33554432"
    "memorysetup-profiler-bucket-allocator-block-count=8"
    "memorysetup-profiler-allocator-block-size=16777216"
    "memorysetup-profiler-editor-allocator-block-size=1048576"
    "memorysetup-temp-allocator-size-main=16777216"
    "memorysetup-job-temp-allocator-block-size=2097152"
    "memorysetup-job-temp-allocator-block-size-background=1048576"
    "memorysetup-job-temp-allocator-reduction-small-platforms=262144"
    "memorysetup-allocator-temp-initial-block-size-main=262144"
    "memorysetup-allocator-temp-initial-block-size-worker=262144"
    "memorysetup-temp-allocator-size-background-worker=32768"
    "memorysetup-temp-allocator-size-job-worker=262144"
    "memorysetup-temp-allocator-size-preload-manager=33554432"
    "memorysetup-temp-allocator-size-nav-mesh-worker=65536"
    "memorysetup-temp-allocator-size-audio-worker=65536"
    "memorysetup-temp-allocator-size-cloud-worker=32768"
    "memorysetup-temp-allocator-size-gi-baking-worker=262144"
    "memorysetup-temp-allocator-size-gfx=262144"
Player connection [7963958336] Host "[IP] 172.16.112.245 [Port] 0 [Flags] 2 [Guid] 3872333187 [EditorId] 3872333187 [Version] 1048832 [Id] OSXEditor(0,KyeongHunui-MacBookAir.local) [Debug] 1 [PackageName] OSXEditor [ProjectName] Editor" joined multi-casting on [225.0.0.222:54997]...

Player connection [7963958336] Host "[IP] 172.16.112.245 [Port] 0 [Flags] 2 [Guid] 3872333187 [EditorId] 3872333187 [Version] 1048832 [Id] OSXEditor(0,KyeongHunui-MacBookAir.local) [Debug] 1 [PackageName] OSXEditor [ProjectName] Editor" joined alternative multi-casting on [225.0.0.222:34997]...

[Physics::Module] Initialized MultithreadedJobDispatcher with 7 workers.
Refreshing native plugins compatible for Editor in 18.14 ms, found 3 plugins.
Preloading 0 native plugins for Editor in 0.00 ms.
Initialize engine version: 2022.3.9f1 (ea401c316338)
[Subsystems] Discovering subsystems at path /Users/kyeonghunkim/Desktop/Unity/2022.3.9f1/Unity.app/Contents/Resources/UnitySubsystems
[Subsystems] Discovering subsystems at path /Users/kyeonghunkim/Desktop/포트폴리오/2D_TeamProject/Assets
GfxDevice: creating device client; threaded=0; jobified=0
 preferred device: Apple M1 (high power)
Metal devices available: 1
0: Apple M1 (high power)
Using device Apple M1 (high power)
Initializing Metal device caps: Apple M1
Initialize mono
Mono path[0] = '/Users/kyeonghunkim/Desktop/Unity/2022.3.9f1/Unity.app/Contents/Managed'
Mono path[1] = '/Users/kyeonghunkim/Desktop/Unity/2022.3.9f1/Unity.app/Contents/MonoBleedingEdge/lib/mono/unityjit-macos'
Mono config path = '/Users/kyeonghunkim/Desktop/Unity/2022.3.9f1/Unity.app/Contents/MonoBleedingEdge/etc'
Using monoOptions --debugger-agent=transport=dt_socket,embedding=1,server=y,suspend=n,address=127.0.0.1:56285
Begin MonoManager ReloadAssembly
Registering precompiled unity dll's ...
Register platform support module: /Users/kyeonghunkim/Desktop/Unity/2022.3.9f1/Unity.app/Contents/PlaybackEngines/MacStandaloneSupport/UnityEditor.OSXStandalone.Extensions.dll
Register platform support module: /Users/kyeonghunkim/Desktop/Unity/2022.3.9f1/PlaybackEngines/iOSSupport/UnityEditor.iOS.Extensions.dll
Registered in 0.002500 seconds.
- Loaded All Assemblies, in  0.266 seconds
[usbmuxd] Start listen thread
[usbmuxd] Listen thread started
[usbmuxd] Send listen message
Native extension for iOS target not found
Native extension for OSXStandalone target not found
Mono: successfully reloaded assembly
- Finished resetting the current domain, in  0.254 seconds
Domain Reload Profiling: 520ms
	BeginReloadAssembly (96ms)
		ExecutionOrderSort (0ms)
		DisableScriptedObjects (0ms)
		BackupInstance (0ms)
		ReleaseScriptingObjects (0ms)
		CreateAndSetChildDomain (1ms)
	RebuildCommonClasses (24ms)
	RebuildNativeTypeToScriptingClass (8ms)
	initialDomainReloadingComplete (32ms)
	LoadAllAssembliesAndSetupDomain (105ms)
		LoadAssemblies (96ms)
		RebuildTransferFunctionScriptingTraits (0ms)
		AnalyzeDomain (103ms)
			TypeCache.Refresh (102ms)
				TypeCache.ScanAssembly (91ms)
			ScanForSourceGeneratedMonoScriptInfo (0ms)
			ResolveRequiredComponents (0ms)
	FinalizeReload (254ms)
		ReleaseScriptCaches (0ms)
		RebuildScriptCaches (0ms)
		SetupLoadedEditorAssemblies (213ms)
			LogAssemblyErrors (0ms)
			InitializePlatformSupportModulesInManaged (100ms)
			SetLoadedEditorAssemblies (4ms)
			RefreshPlugins (0ms)
			BeforeProcessingInitializeOnLoad (2ms)
			ProcessInitializeOnLoadAttributes (76ms)
			ProcessInitializeOnLoadMethodAttributes (31ms)
			AfterProcessingInitializeOnLoad (0ms)
			EditorAssembliesLoaded (0ms)
		ExecutionOrderSort2 (0ms)
		AwakeInstancesAfterBackupRestoration (0ms)
========================================================================
Worker process is ready to serve import requests
Begin MonoManager ReloadAssembly
- Loaded All Assemblies, in  0.827 seconds
Refreshing native plugins compatible for Editor in 1.09 ms, found 3 plugins.
Native extension for iOS target not found
Native extension for OSXStandalone target not found
Package Manager log level set to [2]
[Package Manager] Server::EnsureServerProcessIsRunning -- launch failed, reason: Unity was launched with the -noUpm command-line argument
[Package Manager] UpmClient::Send -- Unable to send message (not connected to UPM process).
[Package Manager] Cannot connect to Unity Package Manager local server
Mono: successfully reloaded assembly
- Finished resetting the current domain, in  0.492 seconds
Domain Reload Profiling: 1320ms
	BeginReloadAssembly (81ms)
		ExecutionOrderSort (0ms)
		DisableScriptedObjects (3ms)
		BackupInstance (0ms)
		ReleaseScriptingObjects (0ms)
		CreateAndSetChildDomain (21ms)
	RebuildCommonClasses (23ms)
	RebuildNativeTypeToScriptingClass (9ms)
	initialDomainReloadingComplete (21ms)
	LoadAllAssembliesAndSetupDomain (692ms)
		LoadAssemblies (503ms)
		RebuildTransferFunctionScriptingTraits (0ms)
		AnalyzeDomain (220ms)
			TypeCache.Refresh (198ms)
				TypeCache.ScanAssembly (179ms)
			ScanForSourceGeneratedMonoScriptInfo (14ms)
			ResolveRequiredComponents (8ms)
	FinalizeReload (493ms)
		ReleaseScriptCaches (0ms)
		RebuildScriptCaches (0ms)
		SetupLoadedEditorAssemblies (378ms)
			LogAssemblyErrors (0ms)
			InitializePlatformSupportModulesInManaged (14ms)
			SetLoadedEditorAssemblies (4ms)
			RefreshPlugins (0ms)
			BeforeProcessingInitializeOnLoad (67ms)
			ProcessInitializeOnLoadAttributes (247ms)
			ProcessInitializeOnLoadMethodAttributes (46ms)
			AfterProcessingInitializeOnLoad (1ms)
			EditorAssembliesLoaded (0ms)
		ExecutionOrderSort2 (0ms)
		AwakeInstancesAfterBackupRestoration (2ms)
Launching external process: /Users/kyeonghunkim/Desktop/Unity/2022.3.9f1/Unity.app/Contents/Tools/UnityShaderCompiler
Launched and connected shader compiler UnityShaderCompiler after 0.25 seconds
Refreshing native plugins compatible for Editor in 1.21 ms, found 3 plugins.
Preloading 0 native plugins for Editor in 0.00 ms.
Unloading 5789 Unused Serialized files (Serialized files now loaded: 0)
Unloading 104 unused Assets / (1.2 MB). Loaded Objects now: 6239.
Memory consumption went from 238.7 MB to 237.5 MB.
Total: 3.465750 ms (FindLiveObjects: 0.244708 ms CreateObjectMapping: 0.075167 ms MarkObjects: 2.746791 ms  DeleteObjects: 0.398792 ms)

AssetImportParameters requested are different than current active one (requested -> active):
  custom:container-demuxer-ogg: 62fdf1f143b41e24485cea50d1cbac27 -> 
  custom:video-decoder-ogg-theora: a1e56fd34408186e4bbccfd4996cb3dc -> 
  custom:container-demuxer-webm: 4f35f7cbe854078d1ac9338744f61a02 -> 
  custom:container-muxer-webm: aa71ff27fc2769a1b78a27578f13a17b -> 
  custom:video-decoder-webm-vp8: 9c59270c3fd7afecdb556c50c9e8de78 -> 
  custom:AudioImporter_EditorPlatform: 3918e3fc78b5a79bad01e8451be0beb8 -> 
  custom:framework-osx-AVFoundation: e770b220cccbd017edd2c1fefb359320 -> 
  custom:video-encoder-webm-vp8: eb34c28f22e8b96e1ab97ce403110664 -> 
  custom:audio-decoder-ogg-vorbis: bf7c407c2cedff20999df2af8eb42d56 -> 
  custom:audio-encoder-webm-vorbis: bf7c407c2cedff20999df2af8eb42d56 -> 
========================================================================
Received Import Request.
  Time since last request: 29339.510583 seconds.
  path: Assets/khkim/Player_Prefab/IMG_4634.png
  artifactKey: Guid(bbd159903b956b74186e53f053c03b44) Importer(815301076,1909f56bfc062723c751e8b465ee728b)
Start importing Assets/khkim/Player_Prefab/IMG_4634.png using Guid(bbd159903b956b74186e53f053c03b44) Importer(815301076,1909f56bfc062723c751e8b465ee728b)  -> (artifact id: 'd76ac44569442c87b7396c75c6da4b4d') in 0.241579 seconds
Number of updated asset objects reloaded before import = 0
Number of asset objects unloaded after import = 3
========================================================================
Received Import Request.
  Time since last request: 0.000045 seconds.
  path: Assets/khkim/Player_Prefab/IMG_4631.png
  artifactKey: Guid(120147457123deb41b5a5b916bfe2106) Importer(815301076,1909f56bfc062723c751e8b465ee728b)
Start importing Assets/khkim/Player_Prefab/IMG_4631.png using Guid(120147457123deb41b5a5b916bfe2106) Importer(815301076,1909f56bfc062723c751e8b465ee728b)  -> (artifact id: '28a2e043b136e2ca652fba5120b00f8f') in 0.005449 seconds
Number of updated asset objects reloaded before import = 0
Number of asset objects unloaded after import = 3
========================================================================
Received Import Request.
  Time since last request: 0.000091 seconds.
  path: Assets/khkim/Player_Prefab/IMG_4635.png
  artifactKey: Guid(d62eabdddb8a3da4b87d0469a4aaffbf) Importer(815301076,1909f56bfc062723c751e8b465ee728b)
Start importing Assets/khkim/Player_Prefab/IMG_4635.png using Guid(d62eabdddb8a3da4b87d0469a4aaffbf) Importer(815301076,1909f56bfc062723c751e8b465ee728b)  -> (artifact id: 'bec935a5fda602f09eb1026b7667216b') in 0.005114 seconds
Number of updated asset objects reloaded before import = 0
Number of asset objects unloaded after import = 3
========================================================================
Received Import Request.
  Time since last request: 0.000077 seconds.
  path: Assets/khkim/Player_Prefab/IMG_4636.png
  artifactKey: Guid(5fccaa27247f8ca44a7b3e56f8331b02) Importer(815301076,1909f56bfc062723c751e8b465ee728b)
Start importing Assets/khkim/Player_Prefab/IMG_4636.png using Guid(5fccaa27247f8ca44a7b3e56f8331b02) Importer(815301076,1909f56bfc062723c751e8b465ee728b)  -> (artifact id: 'c3ef3498e4ff81293695fd64656d7bed') in 0.005335 seconds
Number of updated asset objects reloaded before import = 0
Number of asset objects unloaded after import = 3
========================================================================
Received Prepare
Refreshing native plugins compatible for Editor in 1.14 ms, found 3 plugins.
Preloading 0 native plugins for Editor in 0.00 ms.
Unloading 20 Unused Serialized files (Serialized files now loaded: 0)
Unloading 20 unused Assets / (1.1 MB). Loaded Objects now: 6252.
Memory consumption went from 126.5 MB to 125.3 MB.
Total: 12.196042 ms (FindLiveObjects: 0.271833 ms CreateObjectMapping: 0.078125 ms MarkObjects: 11.501083 ms  DeleteObjects: 0.344500 ms)

Prepare: number of updated asset objects reloaded= 0
AssetImportParameters requested are different than current active one (requested -> active):
  custom:container-demuxer-ogg: 62fdf1f143b41e24485cea50d1cbac27 -> 
  custom:video-decoder-ogg-theora: a1e56fd34408186e4bbccfd4996cb3dc -> 
  custom:CustomObjectIndexerAttribute: a3ef5dd2817f97addfee359851a9dba5 -> 
  custom:container-demuxer-webm: 4f35f7cbe854078d1ac9338744f61a02 -> 
  custom:container-muxer-webm: aa71ff27fc2769a1b78a27578f13a17b -> 
  custom:video-decoder-webm-vp8: 9c59270c3fd7afecdb556c50c9e8de78 -> 
  custom:SearchIndexIgnoredProperties: e643bd26f0fe6173181afceb89e7c659 -> 
  custom:AudioImporter_EditorPlatform: 3918e3fc78b5a79bad01e8451be0beb8 -> 
  custom:framework-osx-AVFoundation: e770b220cccbd017edd2c1fefb359320 -> 
  custom:video-encoder-webm-vp8: eb34c28f22e8b96e1ab97ce403110664 -> 
  custom:audio-decoder-ogg-vorbis: bf7c407c2cedff20999df2af8eb42d56 -> 
  custom:audio-encoder-webm-vorbis: bf7c407c2cedff20999df2af8eb42d56 -> 
========================================================================
Received Import Request.
  Time since last request: 21.328236 seconds.
  path: Assets/khkim/Khkim_Script
  artifactKey: Guid(69ebee51c9e5b4adf8086c40a5cad937) Importer(815301076,1909f56bfc062723c751e8b465ee728b)
Start importing Assets/khkim/Khkim_Script using Guid(69ebee51c9e5b4adf8086c40a5cad937) Importer(815301076,1909f56bfc062723c751e8b465ee728b)  -> (artifact id: 'd32711f7a2165a8d937f9598a3a94e6f') in 0.004020 seconds
Number of updated asset objects reloaded before import = 0
Number of asset objects unloaded after import = 0
========================================================================
Received Prepare
Begin MonoManager ReloadAssembly
Thread 0x29e407000 may have been prematurely finalized
- Loaded All Assemblies, in  0.687 seconds
Refreshing native plugins compatible for Editor in 5.50 ms, found 3 plugins.
Native extension for iOS target not found
Native extension for OSXStandalone target not found
[Package Manager] Server::EnsureServerProcessIsRunning -- launch failed, reason: Unity was launched with the -noUpm command-line argument
[Package Manager] UpmClient::Send -- Unable to send message (not connected to UPM process).
[Package Manager] Cannot connect to Unity Package Manager local server
Mono: successfully reloaded assembly
- Finished resetting the current domain, in  1.402 seconds
Domain Reload Profiling: 2090ms
	BeginReloadAssembly (187ms)
		ExecutionOrderSort (0ms)
		DisableScriptedObjects (10ms)
		BackupInstance (0ms)
		ReleaseScriptingObjects (0ms)
		CreateAndSetChildDomain (58ms)
	RebuildCommonClasses (25ms)
	RebuildNativeTypeToScriptingClass (8ms)
	initialDomainReloadingComplete (22ms)
	LoadAllAssembliesAndSetupDomain (446ms)
		LoadAssemblies (475ms)
		RebuildTransferFunctionScriptingTraits (0ms)
		AnalyzeDomain (48ms)
			TypeCache.Refresh (18ms)
				TypeCache.ScanAssembly (1ms)
			ScanForSourceGeneratedMonoScriptInfo (20ms)
			ResolveRequiredComponents (9ms)
	FinalizeReload (1402ms)
		ReleaseScriptCaches (0ms)
		RebuildScriptCaches (0ms)
		SetupLoadedEditorAssemblies (430ms)
			LogAssemblyErrors (0ms)
			InitializePlatformSupportModulesInManaged (22ms)
			SetLoadedEditorAssemblies (17ms)
			RefreshPlugins (0ms)
			BeforeProcessingInitializeOnLoad (96ms)
			ProcessInitializeOnLoadAttributes (245ms)
			ProcessInitializeOnLoadMethodAttributes (49ms)
			AfterProcessingInitializeOnLoad (1ms)
			EditorAssembliesLoaded (0ms)
		ExecutionOrderSort2 (0ms)
		AwakeInstancesAfterBackupRestoration (8ms)
Refreshing native plugins compatible for Editor in 1.39 ms, found 3 plugins.
Preloading 0 native plugins for Editor in 0.00 ms.
Unloading 5639 Unused Serialized files (Serialized files now loaded: 0)
Unloading 67 unused Assets / (1.2 MB). Loaded Objects now: 6257.
Memory consumption went from 222.8 MB to 221.6 MB.
Total: 6.133500 ms (FindLiveObjects: 0.345791 ms CreateObjectMapping: 0.082083 ms MarkObjects: 5.053042 ms  DeleteObjects: 0.651458 ms)

Prepare: number of updated asset objects reloaded= 0
AssetImportParameters requested are different than current active one (requested -> active):
  custom:container-demuxer-ogg: 62fdf1f143b41e24485cea50d1cbac27 -> 
  custom:video-decoder-ogg-theora: a1e56fd34408186e4bbccfd4996cb3dc -> 
  custom:CustomObjectIndexerAttribute: a3ef5dd2817f97addfee359851a9dba5 -> 
  custom:container-demuxer-webm: 4f35f7cbe854078d1ac9338744f61a02 -> 
  custom:container-muxer-webm: aa71ff27fc2769a1b78a27578f13a17b -> 
  custom:video-decoder-webm-vp8: 9c59270c3fd7afecdb556c50c9e8de78 -> 
  custom:SearchIndexIgnoredProperties: e643bd26f0fe6173181afceb89e7c659 -> 
  custom:AudioImporter_EditorPlatform: 3918e3fc78b5a79bad01e8451be0beb8 -> 
  custom:framework-osx-AVFoundation: e770b220cccbd017edd2c1fefb359320 -> 
  custom:video-encoder-webm-vp8: eb34c28f22e8b96e1ab97ce403110664 -> 
  custom:audio-decoder-ogg-vorbis: bf7c407c2cedff20999df2af8eb42d56 -> 
  custom:audio-encoder-webm-vorbis: bf7c407c2cedff20999df2af8eb42d56 -> 
========================================================================
Received Prepare
Begin MonoManager ReloadAssembly
Thread 0x2875df000 may have been prematurely finalized
- Loaded All Assemblies, in  0.503 seconds
Refreshing native plugins compatible for Editor in 1.19 ms, found 3 plugins.
Native extension for iOS target not found
Native extension for OSXStandalone target not found
[Package Manager] Server::EnsureServerProcessIsRunning -- launch failed, reason: Unity was launched with the -noUpm command-line argument
[Package Manager] UpmClient::Send -- Unable to send message (not connected to UPM process).
[Package Manager] Cannot connect to Unity Package Manager local server
Mono: successfully reloaded assembly
- Finished resetting the current domain, in  1.125 seconds
Domain Reload Profiling: 1628ms
	BeginReloadAssembly (139ms)
		ExecutionOrderSort (0ms)
		DisableScriptedObjects (9ms)
		BackupInstance (0ms)
		ReleaseScriptingObjects (0ms)
		CreateAndSetChildDomain (49ms)
	RebuildCommonClasses (24ms)
	RebuildNativeTypeToScriptingClass (9ms)
	initialDomainReloadingComplete (37ms)
	LoadAllAssembliesAndSetupDomain (294ms)
		LoadAssemblies (300ms)
		RebuildTransferFunctionScriptingTraits (0ms)
		AnalyzeDomain (47ms)
			TypeCache.Refresh (20ms)
				TypeCache.ScanAssembly (1ms)
			ScanForSourceGeneratedMonoScriptInfo (17ms)
			ResolveRequiredComponents (9ms)
	FinalizeReload (1126ms)
		ReleaseScriptCaches (0ms)
		RebuildScriptCaches (0ms)
		SetupLoadedEditorAssemblies (367ms)
			LogAssemblyErrors (0ms)
			InitializePlatformSupportModulesInManaged (17ms)
			SetLoadedEditorAssemblies (12ms)
			RefreshPlugins (0ms)
			BeforeProcessingInitializeOnLoad (89ms)
			ProcessInitializeOnLoadAttributes (208ms)
			ProcessInitializeOnLoadMethodAttributes (41ms)
			AfterProcessingInitializeOnLoad (1ms)
			EditorAssembliesLoaded (0ms)
		ExecutionOrderSort2 (0ms)
		AwakeInstancesAfterBackupRestoration (6ms)
Refreshing native plugins compatible for Editor in 1.30 ms, found 3 plugins.
Preloading 0 native plugins for Editor in 0.00 ms.
Unloading 5639 Unused Serialized files (Serialized files now loaded: 0)
Unloading 67 unused Assets / (1.1 MB). Loaded Objects now: 6262.
Memory consumption went from 231.6 MB to 230.4 MB.
Total: 3.450667 ms (FindLiveObjects: 0.243375 ms CreateObjectMapping: 0.071083 ms MarkObjects: 2.784667 ms  DeleteObjects: 0.350667 ms)

Prepare: number of updated asset objects reloaded= 0
AssetImportParameters requested are different than current active one (requested -> active):
  custom:container-demuxer-ogg: 62fdf1f143b41e24485cea50d1cbac27 -> 
  custom:video-decoder-ogg-theora: a1e56fd34408186e4bbccfd4996cb3dc -> 
  custom:CustomObjectIndexerAttribute: a3ef5dd2817f97addfee359851a9dba5 -> 
  custom:container-demuxer-webm: 4f35f7cbe854078d1ac9338744f61a02 -> 
  custom:container-muxer-webm: aa71ff27fc2769a1b78a27578f13a17b -> 
  custom:video-decoder-webm-vp8: 9c59270c3fd7afecdb556c50c9e8de78 -> 
  custom:SearchIndexIgnoredProperties: e643bd26f0fe6173181afceb89e7c659 -> 
  custom:AudioImporter_EditorPlatform: 3918e3fc78b5a79bad01e8451be0beb8 -> 
  custom:framework-osx-AVFoundation: e770b220cccbd017edd2c1fefb359320 -> 
  custom:video-encoder-webm-vp8: eb34c28f22e8b96e1ab97ce403110664 -> 
  custom:audio-decoder-ogg-vorbis: bf7c407c2cedff20999df2af8eb42d56 -> 
  custom:audio-encoder-webm-vorbis: bf7c407c2cedff20999df2af8eb42d56 -> 
========================================================================
Received Prepare
Begin MonoManager ReloadAssembly
Thread 0x16f8ef000 may have been prematurely finalized
- Loaded All Assemblies, in  0.443 seconds
Refreshing native plugins compatible for Editor in 1.10 ms, found 3 plugins.
Native extension for iOS target not found
Native extension for OSXStandalone target not found
[Package Manager] Server::EnsureServerProcessIsRunning -- launch failed, reason: Unity was launched with the -noUpm command-line argument
[Package Manager] UpmClient::Send -- Unable to send message (not connected to UPM process).
[Package Manager] Cannot connect to Unity Package Manager local server
Mono: successfully reloaded assembly
- Finished resetting the current domain, in  1.223 seconds
Domain Reload Profiling: 1667ms
	BeginReloadAssembly (114ms)
		ExecutionOrderSort (0ms)
		DisableScriptedObjects (8ms)
		BackupInstance (0ms)
		ReleaseScriptingObjects (0ms)
		CreateAndSetChildDomain (49ms)
	RebuildCommonClasses (24ms)
	RebuildNativeTypeToScriptingClass (8ms)
	initialDomainReloadingComplete (23ms)
	LoadAllAssembliesAndSetupDomain (274ms)
		LoadAssemblies (260ms)
		RebuildTransferFunctionScriptingTraits (0ms)
		AnalyzeDomain (47ms)
			TypeCache.Refresh (12ms)
				TypeCache.ScanAssembly (1ms)
			ScanForSourceGeneratedMonoScriptInfo (26ms)
			ResolveRequiredComponents (9ms)
	FinalizeReload (1224ms)
		ReleaseScriptCaches (0ms)
		RebuildScriptCaches (0ms)
		SetupLoadedEditorAssemblies (369ms)
			LogAssemblyErrors (0ms)
			InitializePlatformSupportModulesInManaged (20ms)
			SetLoadedEditorAssemblies (13ms)
			RefreshPlugins (0ms)
			BeforeProcessingInitializeOnLoad (76ms)
			ProcessInitializeOnLoadAttributes (214ms)
			ProcessInitializeOnLoadMethodAttributes (45ms)
			AfterProcessingInitializeOnLoad (1ms)
			EditorAssembliesLoaded (0ms)
		ExecutionOrderSort2 (0ms)
		AwakeInstancesAfterBackupRestoration (8ms)
Refreshing native plugins compatible for Editor in 1.28 ms, found 3 plugins.
Preloading 0 native plugins for Editor in 0.00 ms.
Unloading 5639 Unused Serialized files (Serialized files now loaded: 0)
Unloading 67 unused Assets / (1.1 MB). Loaded Objects now: 6267.
Memory consumption went from 240.3 MB to 239.2 MB.
Total: 3.062041 ms (FindLiveObjects: 0.214833 ms CreateObjectMapping: 0.072792 ms MarkObjects: 2.440292 ms  DeleteObjects: 0.333791 ms)

Prepare: number of updated asset objects reloaded= 0
AssetImportParameters requested are different than current active one (requested -> active):
  custom:container-demuxer-ogg: 62fdf1f143b41e24485cea50d1cbac27 -> 
  custom:video-decoder-ogg-theora: a1e56fd34408186e4bbccfd4996cb3dc -> 
  custom:CustomObjectIndexerAttribute: a3ef5dd2817f97addfee359851a9dba5 -> 
  custom:container-demuxer-webm: 4f35f7cbe854078d1ac9338744f61a02 -> 
  custom:container-muxer-webm: aa71ff27fc2769a1b78a27578f13a17b -> 
  custom:video-decoder-webm-vp8: 9c59270c3fd7afecdb556c50c9e8de78 -> 
  custom:SearchIndexIgnoredProperties: e643bd26f0fe6173181afceb89e7c659 -> 
  custom:AudioImporter_EditorPlatform: 3918e3fc78b5a79bad01e8451be0beb8 -> 
  custom:framework-osx-AVFoundation: e770b220cccbd017edd2c1fefb359320 -> 
  custom:video-encoder-webm-vp8: eb34c28f22e8b96e1ab97ce403110664 -> 
  custom:audio-decoder-ogg-vorbis: bf7c407c2cedff20999df2af8eb42d56 -> 
  custom:audio-encoder-webm-vorbis: bf7c407c2cedff20999df2af8eb42d56 -> 
========================================================================
Received Prepare
Begin MonoManager ReloadAssembly
Thread 0x16fef3000 may have been prematurely finalized
- Loaded All Assemblies, in  0.424 seconds
Refreshing native plugins compatible for Editor in 3.39 ms, found 3 plugins.
Native extension for iOS target not found
Native extension for OSXStandalone target not found
[Package Manager] Server::EnsureServerProcessIsRunning -- launch failed, reason: Unity was launched with the -noUpm command-line argument
[Package Manager] UpmClient::Send -- Unable to send message (not connected to UPM process).
[Package Manager] Cannot connect to Unity Package Manager local server
Mono: successfully reloaded assembly
- Finished resetting the current domain, in  0.844 seconds
Domain Reload Profiling: 1269ms
	BeginReloadAssembly (114ms)
		ExecutionOrderSort (0ms)
		DisableScriptedObjects (8ms)
		BackupInstance (0ms)
		ReleaseScriptingObjects (0ms)
		CreateAndSetChildDomain (47ms)
	RebuildCommonClasses (23ms)
	RebuildNativeTypeToScriptingClass (8ms)
	initialDomainReloadingComplete (15ms)
	LoadAllAssembliesAndSetupDomain (265ms)
		LoadAssemblies (228ms)
		RebuildTransferFunctionScriptingTraits (0ms)
		AnalyzeDomain (68ms)
			TypeCache.Refresh (38ms)
				TypeCache.ScanAssembly (3ms)
			ScanForSourceGeneratedMonoScriptInfo (18ms)
			ResolveRequiredComponents (10ms)
	FinalizeReload (844ms)
		ReleaseScriptCaches (0ms)
		RebuildScriptCaches (0ms)
		SetupLoadedEditorAssemblies (367ms)
			LogAssemblyErrors (0ms)
			InitializePlatformSupportModulesInManaged (21ms)
			SetLoadedEditorAssemblies (9ms)
			RefreshPlugins (0ms)
			BeforeProcessingInitializeOnLoad (85ms)
			ProcessInitializeOnLoadAttributes (211ms)
			ProcessInitializeOnLoadMethodAttributes (41ms)
			AfterProcessingInitializeOnLoad (1ms)
			EditorAssembliesLoaded (0ms)
		ExecutionOrderSort2 (0ms)
		AwakeInstancesAfterBackupRestoration (7ms)
Refreshing native plugins compatible for Editor in 1.16 ms, found 3 plugins.
Preloading 0 native plugins for Editor in 0.00 ms.
Unloading 5639 Unused Serialized files (Serialized files now loaded: 0)
Unloading 67 unused Assets / (1.1 MB). Loaded Objects now: 6272.
Memory consumption went from 249.1 MB to 247.9 MB.
Total: 3.192042 ms (FindLiveObjects: 0.222375 ms CreateObjectMapping: 0.069417 ms MarkObjects: 2.514250 ms  DeleteObjects: 0.385417 ms)

Prepare: number of updated asset objects reloaded= 0
AssetImportParameters requested are different than current active one (requested -> active):
  custom:container-demuxer-ogg: 62fdf1f143b41e24485cea50d1cbac27 -> 
  custom:video-decoder-ogg-theora: a1e56fd34408186e4bbccfd4996cb3dc -> 
  custom:CustomObjectIndexerAttribute: a3ef5dd2817f97addfee359851a9dba5 -> 
  custom:container-demuxer-webm: 4f35f7cbe854078d1ac9338744f61a02 -> 
  custom:container-muxer-webm: aa71ff27fc2769a1b78a27578f13a17b -> 
  custom:video-decoder-webm-vp8: 9c59270c3fd7afecdb556c50c9e8de78 -> 
  custom:SearchIndexIgnoredProperties: e643bd26f0fe6173181afceb89e7c659 -> 
  custom:AudioImporter_EditorPlatform: 3918e3fc78b5a79bad01e8451be0beb8 -> 
  custom:framework-osx-AVFoundation: e770b220cccbd017edd2c1fefb359320 -> 
  custom:video-encoder-webm-vp8: eb34c28f22e8b96e1ab97ce403110664 -> 
  custom:audio-decoder-ogg-vorbis: bf7c407c2cedff20999df2af8eb42d56 -> 
  custom:audio-encoder-webm-vorbis: bf7c407c2cedff20999df2af8eb42d56 -> 
========================================================================
Received Import Request.
  Time since last request: 88.077378 seconds.
  path: Assets/Weapons.cs
  artifactKey: Guid(7fadb6c2d4d49024a802b10e120d4aee) Importer(815301076,1909f56bfc062723c751e8b465ee728b)
Start importing Assets/Weapons.cs using Guid(7fadb6c2d4d49024a802b10e120d4aee) Importer(815301076,1909f56bfc062723c751e8b465ee728b)  -> (artifact id: 'f5a7a03d540f3685f8c4e3836d7e8475') in 0.001185 seconds
Number of updated asset objects reloaded before import = 0
Number of asset objects unloaded after import = 0
========================================================================
Received Import Request.
  Time since last request: 0.000076 seconds.
  path: Assets/khkim/Khkim_Script/SpawnManager.cs
  artifactKey: Guid(4dbc8b938bcfe48f7be0edb7048db659) Importer(815301076,1909f56bfc062723c751e8b465ee728b)
Start importing Assets/khkim/Khkim_Script/SpawnManager.cs using Guid(4dbc8b938bcfe48f7be0edb7048db659) Importer(815301076,1909f56bfc062723c751e8b465ee728b)  -> (artifact id: 'cecd5e149aa653796c88dee9e6efd3fb') in 0.000328 seconds
Number of updated asset objects reloaded before import = 0
Number of asset objects unloaded after import = 0
========================================================================
Received Import Request.
  Time since last request: 20.414378 seconds.
  path: Assets/Script/Sound/555412__tonsil5__zombie-death-1.wav
  artifactKey: Guid(ea9d53b7eacd4b049b2c99e6fd3b86c2) Importer(815301076,1909f56bfc062723c751e8b465ee728b)
Start importing Assets/Script/Sound/555412__tonsil5__zombie-death-1.wav using Guid(ea9d53b7eacd4b049b2c99e6fd3b86c2) Importer(815301076,1909f56bfc062723c751e8b465ee728b)  -> (artifact id: '6c7b34a31ea24c35f77d3b1fb1ac2b98') in 0.345962 seconds
Number of updated asset objects reloaded before import = 0
Number of asset objects unloaded after import = 2
========================================================================
Received Import Request.
  Time since last request: 0.000082 seconds.
  path: Assets/Art/Texture/among_us_zombie.png
  artifactKey: Guid(27270242072394f4cb44da06c63974d2) Importer(815301076,1909f56bfc062723c751e8b465ee728b)
Start importing Assets/Art/Texture/among_us_zombie.png using Guid(27270242072394f4cb44da06c63974d2) Importer(815301076,1909f56bfc062723c751e8b465ee728b)  -> (artifact id: '25f2f60b5df3e4d1ed966d0ff16aadff') in 0.070343 seconds
Number of updated asset objects reloaded before import = 0
Number of asset objects unloaded after import = 10
========================================================================
Received Import Request.
  Time since last request: 0.000225 seconds.
  path: Assets/Epic Toon FX/Prefabs/Combat/Explosions/FruitExplosion/AppleExplosion.prefab
  artifactKey: Guid(5108f99c0703c3944a63ea56d6b32738) Importer(815301076,1909f56bfc062723c751e8b465ee728b)
Start importing Assets/Epic Toon FX/Prefabs/Combat/Explosions/FruitExplosion/AppleExplosion.prefab using Guid(5108f99c0703c3944a63ea56d6b32738) Importer(815301076,1909f56bfc062723c751e8b465ee728b)  -> (artifact id: '8e18a79d35a2ab517db2a63894012eb6') in 0.136883 seconds
Number of updated asset objects reloaded before import = 0
Number of asset objects unloaded after import = 53
========================================================================
Received Import Request.
  Time since last request: 0.000059 seconds.
  path: Assets/TextMesh Pro/Examples & Extras/Resources/Fonts & Materials/Anton SDF - Sunny Days.mat
  artifactKey: Guid(6522f30e342599e4e9dd4cc2cc03c830) Importer(815301076,1909f56bfc062723c751e8b465ee728b)
Start importing Assets/TextMesh Pro/Examples & Extras/Resources/Fonts & Materials/Anton SDF - Sunny Days.mat using Guid(6522f30e342599e4e9dd4cc2cc03c830) Importer(815301076,1909f56bfc062723c751e8b465ee728b)  -> (artifact id: '1a3235d9016803fd4c67a5c6a42b1fea') in 0.202181 seconds
Number of updated asset objects reloaded before import = 0
Number of asset objects unloaded after import = 5
========================================================================
Received Import Request.
  Time since last request: 0.484862 seconds.
  path: Assets/Resources/Popup/GUI_PopupPlayerInventory.prefab
  artifactKey: Guid(3af22ec8dff891e419f246ccd7644dfd) Importer(815301076,1909f56bfc062723c751e8b465ee728b)
Start importing Assets/Resources/Popup/GUI_PopupPlayerInventory.prefab using Guid(3af22ec8dff891e419f246ccd7644dfd) Importer(815301076,1909f56bfc062723c751e8b465ee728b)  -> (artifact id: '4ad82820cf540311ad67e0aa6d436507') in 0.063118 seconds
Number of updated asset objects reloaded before import = 0
Number of asset objects unloaded after import = 134
========================================================================
Received Import Request.
  Time since last request: 0.000036 seconds.
  path: Assets/Resources/Prefab/Player.prefab
  artifactKey: Guid(f57f3e7b0600e9e4aaa9a1f923a5536d) Importer(815301076,1909f56bfc062723c751e8b465ee728b)
Start importing Assets/Resources/Prefab/Player.prefab using Guid(f57f3e7b0600e9e4aaa9a1f923a5536d) Importer(815301076,1909f56bfc062723c751e8b465ee728b)  -> (artifact id: '71b08a640e4851ccd30682989550ed59') in 0.239359 seconds
Number of updated asset objects reloaded before import = 0
Number of asset objects unloaded after import = 441
========================================================================
Received Prepare
Begin MonoManager ReloadAssembly
Thread 0x2875df000 may have been prematurely finalized
- Loaded All Assemblies, in  0.530 seconds
Refreshing native plugins compatible for Editor in 3.45 ms, found 3 plugins.
Native extension for iOS target not found
2024-02-25 16:55:25.544 Unity[7285:377791] [XcodeApplications] Failed to read NSDictionary from path XD83/Contents/Info.plist
Native extension for OSXStandalone target not found
[Package Manager] Server::EnsureServerProcessIsRunning -- launch failed, reason: Unity was launched with the -noUpm command-line argument
[Package Manager] UpmClient::Send -- Unable to send message (not connected to UPM process).
[Package Manager] Cannot connect to Unity Package Manager local server
Mono: successfully reloaded assembly
- Finished resetting the current domain, in  2.725 seconds
Domain Reload Profiling: 3256ms
	BeginReloadAssembly (155ms)
		ExecutionOrderSort (0ms)
		DisableScriptedObjects (22ms)
		BackupInstance (0ms)
		ReleaseScriptingObjects (0ms)
		CreateAndSetChildDomain (62ms)
	RebuildCommonClasses (24ms)
	RebuildNativeTypeToScriptingClass (9ms)
	initialDomainReloadingComplete (19ms)
	LoadAllAssembliesAndSetupDomain (324ms)
		LoadAssemblies (282ms)
		RebuildTransferFunctionScriptingTraits (0ms)
		AnalyzeDomain (75ms)
			TypeCache.Refresh (37ms)
				TypeCache.ScanAssembly (5ms)
			ScanForSourceGeneratedMonoScriptInfo (18ms)
			ResolveRequiredComponents (20ms)
	FinalizeReload (2725ms)
		ReleaseScriptCaches (0ms)
		RebuildScriptCaches (0ms)
		SetupLoadedEditorAssemblies (375ms)
			LogAssemblyErrors (0ms)
			InitializePlatformSupportModulesInManaged (24ms)
			SetLoadedEditorAssemblies (12ms)
			RefreshPlugins (0ms)
			BeforeProcessingInitializeOnLoad (75ms)
			ProcessInitializeOnLoadAttributes (221ms)
			ProcessInitializeOnLoadMethodAttributes (41ms)
			AfterProcessingInitializeOnLoad (2ms)
			EditorAssembliesLoaded (0ms)
		ExecutionOrderSort2 (0ms)
		AwakeInstancesAfterBackupRestoration (9ms)
Refreshing native plugins compatible for Editor in 1.24 ms, found 3 plugins.
Preloading 0 native plugins for Editor in 0.00 ms.
Unloading 5639 Unused Serialized files (Serialized files now loaded: 0)
Unloading 70 unused Assets / (1.2 MB). Loaded Objects now: 6373.
Memory consumption went from 262.3 MB to 261.2 MB.
Total: 3.683833 ms (FindLiveObjects: 0.259583 ms CreateObjectMapping: 0.071292 ms MarkObjects: 2.917958 ms  DeleteObjects: 0.434042 ms)

Prepare: number of updated asset objects reloaded= 0
AssetImportParameters requested are different than current active one (requested -> active):
  custom:container-demuxer-ogg: 62fdf1f143b41e24485cea50d1cbac27 -> 
  custom:video-decoder-ogg-theora: a1e56fd34408186e4bbccfd4996cb3dc -> 
  custom:CustomObjectIndexerAttribute: a3ef5dd2817f97addfee359851a9dba5 -> 
  custom:container-demuxer-webm: 4f35f7cbe854078d1ac9338744f61a02 -> 
  custom:container-muxer-webm: aa71ff27fc2769a1b78a27578f13a17b -> 
  custom:video-decoder-webm-vp8: 9c59270c3fd7afecdb556c50c9e8de78 -> 
  custom:SearchIndexIgnoredProperties: e643bd26f0fe6173181afceb89e7c659 -> 
  custom:AudioImporter_EditorPlatform: 3918e3fc78b5a79bad01e8451be0beb8 -> 
  custom:framework-osx-AVFoundation: e770b220cccbd017edd2c1fefb359320 -> 
  custom:video-encoder-webm-vp8: eb34c28f22e8b96e1ab97ce403110664 -> 
  custom:audio-decoder-ogg-vorbis: bf7c407c2cedff20999df2af8eb42d56 -> 
  custom:audio-encoder-webm-vorbis: bf7c407c2cedff20999df2af8eb42d56 -> 
========================================================================
Received Import Request.
  Time since last request: 17.937049 seconds.
  path: Assets/Resources/Prefab/Player 1.prefab
  artifactKey: Guid(c9c55d102c20720409c2b91353963d2d) Importer(815301076,1909f56bfc062723c751e8b465ee728b)
Start importing Assets/Resources/Prefab/Player 1.prefab using Guid(c9c55d102c20720409c2b91353963d2d) Importer(815301076,1909f56bfc062723c751e8b465ee728b)  -> (artifact id: '2bbd92731d9f73badddc3d834c0a8bc1') in 0.148240 seconds
Number of updated asset objects reloaded before import = 0
Number of asset objects unloaded after import = 91
========================================================================
Received Import Request.
  Time since last request: 0.000055 seconds.
  path: Assets/Script/PlayerState.cs
  artifactKey: Guid(c9b9cfb50d8773b42b7aa16b75257a6e) Importer(815301076,1909f56bfc062723c751e8b465ee728b)
Start importing Assets/Script/PlayerState.cs using Guid(c9b9cfb50d8773b42b7aa16b75257a6e) Importer(815301076,1909f56bfc062723c751e8b465ee728b)  -> (artifact id: '9d77115ff3535c443e8534b5a4b29b25') in 0.000508 seconds
Number of updated asset objects reloaded before import = 0
Number of asset objects unloaded after import = 0
========================================================================
Received Import Request.
  Time since last request: 0.000098 seconds.
  path: Assets/khkim/Khkim_Script/Player.cs
  artifactKey: Guid(e51e820db3e59439fb4988a42193b815) Importer(815301076,1909f56bfc062723c751e8b465ee728b)
Start importing Assets/khkim/Khkim_Script/Player.cs using Guid(e51e820db3e59439fb4988a42193b815) Importer(815301076,1909f56bfc062723c751e8b465ee728b)  -> (artifact id: '60c1f38dafa26a1ffc54e1e2c4df655a') in 0.000356 seconds
Number of updated asset objects reloaded before import = 0
Number of asset objects unloaded after import = 0
========================================================================
Received Import Request.
  Time since last request: 40.652024 seconds.
  path: Assets/TextMesh Pro/Examples & Extras/Resources/Fonts & Materials/Bangers SDF.asset
  artifactKey: Guid(125cb55b44b24c4393181402bc6200e6) Importer(815301076,1909f56bfc062723c751e8b465ee728b)
Start importing Assets/TextMesh Pro/Examples & Extras/Resources/Fonts & Materials/Bangers SDF.asset using Guid(125cb55b44b24c4393181402bc6200e6) Importer(815301076,1909f56bfc062723c751e8b465ee728b)  -> (artifact id: 'b49947e04998bb0695da88bb4fab4521') in 0.337858 seconds
Number of updated asset objects reloaded before import = 0
Number of asset objects unloaded after import = 7
========================================================================
Received Import Request.
  Time since last request: 0.000094 seconds.
  path: Assets/Epic Toon FX/Prefabs/Combat/Explosions/BulletExplosion/BulletExplosionGreen.prefab
  artifactKey: Guid(bfbeddd8307f4e441aa8ae4537bf45ad) Importer(815301076,1909f56bfc062723c751e8b465ee728b)
Start importing Assets/Epic Toon FX/Prefabs/Combat/Explosions/BulletExplosion/BulletExplosionGreen.prefab using Guid(bfbeddd8307f4e441aa8ae4537bf45ad) Importer(815301076,1909f56bfc062723c751e8b465ee728b)  -> (artifact id: 'a81ab1f967fffeb9a883289f50e04e2c') in 0.012549 seconds
Number of updated asset objects reloaded before import = 0
Number of asset objects unloaded after import = 24
========================================================================
Received Import Request.
  Time since last request: 0.000033 seconds.
  path: Assets/Art/Texture/cartoon-blood-splatter-png-230744.png
  artifactKey: Guid(d08d3520f3466a74dae54fa837f84ecb) Importer(815301076,1909f56bfc062723c751e8b465ee728b)
Start importing Assets/Art/Texture/cartoon-blood-splatter-png-230744.png using Guid(d08d3520f3466a74dae54fa837f84ecb) Importer(815301076,1909f56bfc062723c751e8b465ee728b)  -> (artifact id: 'ddc22eeae692d90e2a4ccf6cb8e242af') in 0.017679 seconds
Number of updated asset objects reloaded before import = 0
Number of asset objects unloaded after import = 3
========================================================================
Received Import Request.
  Time since last request: 0.000031 seconds.
  path: Assets/TextMesh Pro/Examples & Extras/Resources/Sprite Assets/Default Sprite Asset.asset
  artifactKey: Guid(fbef3c704dce48f08a44612d6c856c8d) Importer(815301076,1909f56bfc062723c751e8b465ee728b)
Start importing Assets/TextMesh Pro/Examples & Extras/Resources/Sprite Assets/Default Sprite Asset.asset using Guid(fbef3c704dce48f08a44612d6c856c8d) Importer(815301076,1909f56bfc062723c751e8b465ee728b)  -> (artifact id: '9aa461d647a15babb130b74597545151') in 0.001811 seconds
Number of updated asset objects reloaded before import = 0
Number of asset objects unloaded after import = 3
========================================================================
Received Import Request.
  Time since last request: 0.000082 seconds.
  path: Assets/KY_effects/Textures/Emojis/cute.png
  artifactKey: Guid(dafeb3f0fbf3e75449ca68e1d6195d84) Importer(815301076,1909f56bfc062723c751e8b465ee728b)
Start importing Assets/KY_effects/Textures/Emojis/cute.png using Guid(dafeb3f0fbf3e75449ca68e1d6195d84) Importer(815301076,1909f56bfc062723c751e8b465ee728b)  -> (artifact id: 'd1f8138e4a60b4fd5be0075908ec9a2c') in 0.008771 seconds
Number of updated asset objects reloaded before import = 0
Number of asset objects unloaded after import = 2
========================================================================
Received Import Request.
  Time since last request: 0.000107 seconds.
  path: Assets/Epic Toon FX/Demo/Materials/Bullet Surfaces/dev_material_dirt.mat
  artifactKey: Guid(540a38f53dc0b624b829006d1655d6e7) Importer(815301076,1909f56bfc062723c751e8b465ee728b)
Start importing Assets/Epic Toon FX/Demo/Materials/Bullet Surfaces/dev_material_dirt.mat using Guid(540a38f53dc0b624b829006d1655d6e7) Importer(815301076,1909f56bfc062723c751e8b465ee728b)  -> (artifact id: 'ddf190af08145c247e8bcb0375c10997') in 0.011993 seconds
Number of updated asset objects reloaded before import = 0
Number of asset objects unloaded after import = 3
========================================================================
Received Import Request.
  Time since last request: 0.000079 seconds.
  path: Assets/Epic Toon FX/Prefabs/Interactive/Loot/ChestAppear/ChestAppearWhite.prefab
  artifactKey: Guid(3c2fb72925d7f3c4a8c2b92cc3a81390) Importer(815301076,1909f56bfc062723c751e8b465ee728b)
Start importing Assets/Epic Toon FX/Prefabs/Interactive/Loot/ChestAppear/ChestAppearWhite.prefab using Guid(3c2fb72925d7f3c4a8c2b92cc3a81390) Importer(815301076,1909f56bfc062723c751e8b465ee728b)  -> (artifact id: 'a89eea77f826cedd7adb061de5a11e57') in 0.009540 seconds
Number of updated asset objects reloaded before import = 0
Number of asset objects unloaded after import = 15
========================================================================
Received Import Request.
  Time since last request: 0.000029 seconds.
  path: Assets/Epic Toon FX/Demo/Materials/Bullet Surfaces/dev_material_grass.mat
  artifactKey: Guid(5a6526bda9af7194a9fe13a21f650076) Importer(815301076,1909f56bfc062723c751e8b465ee728b)
Start importing Assets/Epic Toon FX/Demo/Materials/Bullet Surfaces/dev_material_grass.mat using Guid(5a6526bda9af7194a9fe13a21f650076) Importer(815301076,1909f56bfc062723c751e8b465ee728b)  -> (artifact id: '60bb81fd2891b5a9f4410bd5f006c6c0') in 0.005373 seconds
Number of updated asset objects reloaded before import = 0
Number of asset objects unloaded after import = 3
========================================================================
Received Import Request.
  Time since last request: 0.000041 seconds.
  path: Assets/Epic Toon FX/Prefabs/Environment/Underwater/BubbleStreamUnderwater.prefab
  artifactKey: Guid(738d805a796f6694197c336a94886b66) Importer(815301076,1909f56bfc062723c751e8b465ee728b)
Start importing Assets/Epic Toon FX/Prefabs/Environment/Underwater/BubbleStreamUnderwater.prefab using Guid(738d805a796f6694197c336a94886b66) Importer(815301076,1909f56bfc062723c751e8b465ee728b)  -> (artifact id: '1e87b4c8cd50ff1ec4471248f8ff4e4f') in 0.007740 seconds
Number of updated asset objects reloaded before import = 0
Number of asset objects unloaded after import = 21
========================================================================
Received Import Request.
  Time since last request: 0.000133 seconds.
  path: Assets/Epic Toon FX/Prefabs/Environment/Underwater/BubbleBlastBigUnderwater.prefab
  artifactKey: Guid(cb9bf8f7ab7299344a48e3eb96d6a266) Importer(815301076,1909f56bfc062723c751e8b465ee728b)
Start importing Assets/Epic Toon FX/Prefabs/Environment/Underwater/BubbleBlastBigUnderwater.prefab using Guid(cb9bf8f7ab7299344a48e3eb96d6a266) Importer(815301076,1909f56bfc062723c751e8b465ee728b)  -> (artifact id: 'd2a78f01fe34cfee5e75728476d8861d') in 0.008769 seconds
Number of updated asset objects reloaded before import = 0
Number of asset objects unloaded after import = 31
========================================================================
Received Import Request.
  Time since last request: 0.200476 seconds.
  path: Assets/TextMesh Pro/Examples & Extras/Resources/Fonts & Materials/Electronic Highway Sign SDF.asset
  artifactKey: Guid(dc36b3fdc14f47ebb36fd484a67e268a) Importer(815301076,1909f56bfc062723c751e8b465ee728b)
Start importing Assets/TextMesh Pro/Examples & Extras/Resources/Fonts & Materials/Electronic Highway Sign SDF.asset using Guid(dc36b3fdc14f47ebb36fd484a67e268a) Importer(815301076,1909f56bfc062723c751e8b465ee728b)  -> (artifact id: '45083ff1992fcfc009e1b2fe2aaca1b0') in 0.026414 seconds
Number of updated asset objects reloaded before import = 0
Number of asset objects unloaded after import = 7
========================================================================
Received Import Request.
  Time since last request: 0.000036 seconds.
  path: Assets/TextMesh Pro/Examples & Extras/Fonts/Oswald-Bold.ttf
  artifactKey: Guid(c9f6d0e7bc8541498c9a4799ba184ede) Importer(815301076,1909f56bfc062723c751e8b465ee728b)
Start importing Assets/TextMesh Pro/Examples & Extras/Fonts/Oswald-Bold.ttf using Guid(c9f6d0e7bc8541498c9a4799ba184ede) Importer(815301076,1909f56bfc062723c751e8b465ee728b)  -> (artifact id: 'f7200b312e9f096d5ac5c650b289cbdf') in 0.025288 seconds
Number of updated asset objects reloaded before import = 0
Number of asset objects unloaded after import = 5
========================================================================
Received Import Request.
  Time since last request: 0.000148 seconds.
  path: Assets/Epic Toon FX/Prefabs/Interactive/Emojis/Anger/EmojiSinister.prefab
  artifactKey: Guid(28765ba8fe1d7654aaf05bc05d3757bd) Importer(815301076,1909f56bfc062723c751e8b465ee728b)
Start importing Assets/Epic Toon FX/Prefabs/Interactive/Emojis/Anger/EmojiSinister.prefab using Guid(28765ba8fe1d7654aaf05bc05d3757bd) Importer(815301076,1909f56bfc062723c751e8b465ee728b)  -> (artifact id: '1b4a38d4b58b3aee70965c545e453630') in 0.005526 seconds
Number of updated asset objects reloaded before import = 0
Number of asset objects unloaded after import = 9
========================================================================
Received Import Request.
  Time since last request: 0.000058 seconds.
  path: Assets/Epic Toon FX/Prefabs/Combat/Explosions/GlitterExplosion/GlitterExplosionGreen.prefab
  artifactKey: Guid(49788cbe2dec7fc4b8edb27ab72ce00c) Importer(815301076,1909f56bfc062723c751e8b465ee728b)
Start importing Assets/Epic Toon FX/Prefabs/Combat/Explosions/GlitterExplosion/GlitterExplosionGreen.prefab using Guid(49788cbe2dec7fc4b8edb27ab72ce00c) Importer(815301076,1909f56bfc062723c751e8b465ee728b)  -> (artifact id: 'fc47c3a6989e0492022d91a5a0182016') in 0.012994 seconds
Number of updated asset objects reloaded before import = 0
Number of asset objects unloaded after import = 33
========================================================================
Received Import Request.
  Time since last request: 0.000039 seconds.
  path: Assets/Epic Toon FX/Prefabs/Combat/Explosions/LiquidExplosion/LiquidExplosionWaterClear.prefab
  artifactKey: Guid(5a50299415e426543bd096edabf3eec7) Importer(815301076,1909f56bfc062723c751e8b465ee728b)
Start importing Assets/Epic Toon FX/Prefabs/Combat/Explosions/LiquidExplosion/LiquidExplosionWaterClear.prefab using Guid(5a50299415e426543bd096edabf3eec7) Importer(815301076,1909f56bfc062723c751e8b465ee728b)  -> (artifact id: '7e73febf17a1bae2a5139bd47c4cc84f') in 0.008212 seconds
Number of updated asset objects reloaded before import = 0
Number of asset objects unloaded after import = 18
========================================================================
Received Import Request.
  Time since last request: 0.000037 seconds.
  path: Assets/Epic Toon FX/Prefabs/Environment/Firework/FireworkRedCluster.prefab
  artifactKey: Guid(9bcdb1b8180c1394ea37716601148607) Importer(815301076,1909f56bfc062723c751e8b465ee728b)
Start importing Assets/Epic Toon FX/Prefabs/Environment/Firework/FireworkRedCluster.prefab using Guid(9bcdb1b8180c1394ea37716601148607) Importer(815301076,1909f56bfc062723c751e8b465ee728b)  -> (artifact id: '2e4d073dd4b245ec65ce1b8e72c83e82') in 0.006857 seconds
Number of updated asset objects reloaded before import = 0
Number of asset objects unloaded after import = 29
========================================================================
Received Import Request.
  Time since last request: 0.000032 seconds.
  path: Assets/Plugins/Demigiant/DOTween/Editor/Imgs/Footer_dark.png
  artifactKey: Guid(519694efe2bb2914788b151fbd8c01f4) Importer(815301076,1909f56bfc062723c751e8b465ee728b)
Start importing Assets/Plugins/Demigiant/DOTween/Editor/Imgs/Footer_dark.png using Guid(519694efe2bb2914788b151fbd8c01f4) Importer(815301076,1909f56bfc062723c751e8b465ee728b)  -> (artifact id: '8f74b157ff6e779aad6687631398a2ad') in 0.004000 seconds
Number of updated asset objects reloaded before import = 0
Number of asset objects unloaded after import = 2
========================================================================
Received Import Request.
  Time since last request: 0.000068 seconds.
  path: Assets/Epic Toon FX/Prefabs/Environment/Firework/FireworkPurpleCluster.prefab
  artifactKey: Guid(04767b88df8de144897b28444e885973) Importer(815301076,1909f56bfc062723c751e8b465ee728b)
Start importing Assets/Epic Toon FX/Prefabs/Environment/Firework/FireworkPurpleCluster.prefab using Guid(04767b88df8de144897b28444e885973) Importer(815301076,1909f56bfc062723c751e8b465ee728b)  -> (artifact id: 'b541bfc37535ad911eaf820d5957c85d') in 0.006440 seconds
Number of updated asset objects reloaded before import = 0
Number of asset objects unloaded after import = 29
========================================================================
Received Import Request.
  Time since last request: 0.000037 seconds.
  path: Assets/Epic Toon FX/Prefabs/Environment/Firework/FireworkGreenCluster.prefab
  artifactKey: Guid(1a35b29c9a2c62e43a2268b6cbcc16b2) Importer(815301076,1909f56bfc062723c751e8b465ee728b)
Start importing Assets/Epic Toon FX/Prefabs/Environment/Firework/FireworkGreenCluster.prefab using Guid(1a35b29c9a2c62e43a2268b6cbcc16b2) Importer(815301076,1909f56bfc062723c751e8b465ee728b)  -> (artifact id: '7f86fbc06fdf0cd1f7023f944b96cbcd') in 0.007020 seconds
Number of updated asset objects reloaded before import = 0
Number of asset objects unloaded after import = 29
========================================================================
Received Import Request.
  Time since last request: 0.000037 seconds.
  path: Assets/TextMesh Pro/Resources/Fonts & Materials/LiberationSans SDF - Fallback.asset
  artifactKey: Guid(2e498d1c8094910479dc3e1b768306a4) Importer(815301076,1909f56bfc062723c751e8b465ee728b)
Start importing Assets/TextMesh Pro/Resources/Fonts & Materials/LiberationSans SDF - Fallback.asset using Guid(2e498d1c8094910479dc3e1b768306a4) Importer(815301076,1909f56bfc062723c751e8b465ee728b)  -> (artifact id: '0874e8bb3b2c51c54d3059f9e639b703') in 0.007338 seconds
Number of updated asset objects reloaded before import = 0
Number of asset objects unloaded after import = 7
========================================================================
Received Import Request.
  Time since last request: 0.000035 seconds.
  path: Assets/Epic Toon FX/Prefabs/Combat/Explosions/GlitterExplosion/GlitterExplosionBlue.prefab
  artifactKey: Guid(13bf80939900a2a4c8d5a6ac51f555d5) Importer(815301076,1909f56bfc062723c751e8b465ee728b)
Start importing Assets/Epic Toon FX/Prefabs/Combat/Explosions/GlitterExplosion/GlitterExplosionBlue.prefab using Guid(13bf80939900a2a4c8d5a6ac51f555d5) Importer(815301076,1909f56bfc062723c751e8b465ee728b)  -> (artifact id: '0103b64bbba57de9f25bfdaa8a62473f') in 0.007172 seconds
Number of updated asset objects reloaded before import = 0
Number of asset objects unloaded after import = 33
========================================================================
Received Import Request.
  Time since last request: 0.000036 seconds.
  path: Assets/TextMesh Pro/Examples & Extras/Fonts/Electronic Highway Sign.TTF
  artifactKey: Guid(8a2b9e2a607dd2143b58c44bc32410b4) Importer(815301076,1909f56bfc062723c751e8b465ee728b)
Start importing Assets/TextMesh Pro/Examples & Extras/Fonts/Electronic Highway Sign.TTF using Guid(8a2b9e2a607dd2143b58c44bc32410b4) Importer(815301076,1909f56bfc062723c751e8b465ee728b)  -> (artifact id: '6824d9e424bf936509c817058bc1e4cf') in 0.006159 seconds
Number of updated asset objects reloaded before import = 0
Number of asset objects unloaded after import = 5
========================================================================
Received Import Request.
  Time since last request: 0.000095 seconds.
  path: Assets/TextMesh Pro/Fonts/LiberationSans.ttf
  artifactKey: Guid(e3265ab4bf004d28a9537516768c1c75) Importer(815301076,1909f56bfc062723c751e8b465ee728b)
Start importing Assets/TextMesh Pro/Fonts/LiberationSans.ttf using Guid(e3265ab4bf004d28a9537516768c1c75) Importer(815301076,1909f56bfc062723c751e8b465ee728b)  -> (artifact id: 'fda07fee08ace94a1e89a02bd6575cec') in 0.007960 seconds
Number of updated asset objects reloaded before import = 0
Number of asset objects unloaded after import = 5
========================================================================
Received Import Request.
  Time since last request: 0.000057 seconds.
  path: Assets/Art/Asset/SimplePixelUI/fonts/Font2/pixelfont2.ttf
  artifactKey: Guid(a6dede01cb8e479429b8bc5253a2ad2f) Importer(815301076,1909f56bfc062723c751e8b465ee728b)
Start importing Assets/Art/Asset/SimplePixelUI/fonts/Font2/pixelfont2.ttf using Guid(a6dede01cb8e479429b8bc5253a2ad2f) Importer(815301076,1909f56bfc062723c751e8b465ee728b)  -> (artifact id: '5194dc2ffa4eeb4170e2ee2ca0dc9fb7') in 0.011683 seconds
Number of updated asset objects reloaded before import = 0
Number of asset objects unloaded after import = 5
========================================================================
Received Import Request.
  Time since last request: 0.000164 seconds.
  path: Assets/Epic Toon FX/Prefabs/Combat/Explosions/GlitterExplosion/GlitterExplosionYellow.prefab
  artifactKey: Guid(505f0a9187a0d514ca9afdc34c51a984) Importer(815301076,1909f56bfc062723c751e8b465ee728b)
Start importing Assets/Epic Toon FX/Prefabs/Combat/Explosions/GlitterExplosion/GlitterExplosionYellow.prefab using Guid(505f0a9187a0d514ca9afdc34c51a984) Importer(815301076,1909f56bfc062723c751e8b465ee728b)  -> (artifact id: '32e9bc5a142e8bc247706fb6a5ec4207') in 0.007263 seconds
Number of updated asset objects reloaded before import = 0
Number of asset objects unloaded after import = 33
========================================================================
Received Import Request.
  Time since last request: 0.000041 seconds.
  path: Assets/Epic Toon FX/Prefabs/Combat/Explosions/GlitterExplosion/GlitterExplosionPink.prefab
  artifactKey: Guid(c7498e97bd688f044a23749dce1cc7e4) Importer(815301076,1909f56bfc062723c751e8b465ee728b)
Start importing Assets/Epic Toon FX/Prefabs/Combat/Explosions/GlitterExplosion/GlitterExplosionPink.prefab using Guid(c7498e97bd688f044a23749dce1cc7e4) Importer(815301076,1909f56bfc062723c751e8b465ee728b)  -> (artifact id: 'ac06232dfc8271742bdf2ba2f5a3fa3c') in 0.006642 seconds
Number of updated asset objects reloaded before import = 0
Number of asset objects unloaded after import = 33
========================================================================
Received Import Request.
  Time since last request: 0.000034 seconds.
  path: Assets/Epic Toon FX/Prefabs/Environment/Firework/FireworkYellowCluster.prefab
  artifactKey: Guid(c574b8bf6409ae8478316b2134abf9d1) Importer(815301076,1909f56bfc062723c751e8b465ee728b)
Start importing Assets/Epic Toon FX/Prefabs/Environment/Firework/FireworkYellowCluster.prefab using Guid(c574b8bf6409ae8478316b2134abf9d1) Importer(815301076,1909f56bfc062723c751e8b465ee728b)  -> (artifact id: 'c5f022cb38c4387b33ce0574a72580f5') in 0.008297 seconds
Number of updated asset objects reloaded before import = 0
Number of asset objects unloaded after import = 29
========================================================================
Received Import Request.
  Time since last request: 0.000037 seconds.
  path: Assets/TextMesh Pro/Examples & Extras/Fonts/Bangers.ttf
  artifactKey: Guid(5dd49b3eacc540408c98eee0de38e0f1) Importer(815301076,1909f56bfc062723c751e8b465ee728b)
Start importing Assets/TextMesh Pro/Examples & Extras/Fonts/Bangers.ttf using Guid(5dd49b3eacc540408c98eee0de38e0f1) Importer(815301076,1909f56bfc062723c751e8b465ee728b)  -> (artifact id: '960aa84518d18c487906e91a5e6e2bc6') in 0.006284 seconds
Number of updated asset objects reloaded before import = 0
Number of asset objects unloaded after import = 5
========================================================================
Received Import Request.
  Time since last request: 0.000037 seconds.
  path: Assets/TextMesh Pro/Resources/Fonts & Materials/LiberationSans SDF.asset
  artifactKey: Guid(8f586378b4e144a9851e7b34d9b748ee) Importer(815301076,1909f56bfc062723c751e8b465ee728b)
Start importing Assets/TextMesh Pro/Resources/Fonts & Materials/LiberationSans SDF.asset using Guid(8f586378b4e144a9851e7b34d9b748ee) Importer(815301076,1909f56bfc062723c751e8b465ee728b)  -> (artifact id: '8b08dc49f07b4ab564831f887f8b4390') in 0.024008 seconds
Number of updated asset objects reloaded before import = 0
Number of asset objects unloaded after import = 10
========================================================================
Received Import Request.
  Time since last request: 0.000036 seconds.
  path: Assets/Art/Asset/SimplePixelUI/fonts/Font1/pixelfont.ttf
  artifactKey: Guid(b6349d08a5335cd4aa534282435d11cc) Importer(815301076,1909f56bfc062723c751e8b465ee728b)
Start importing Assets/Art/Asset/SimplePixelUI/fonts/Font1/pixelfont.ttf using Guid(b6349d08a5335cd4aa534282435d11cc) Importer(815301076,1909f56bfc062723c751e8b465ee728b)  -> (artifact id: 'ef9b6ffa69ac06eec953a4d13d630397') in 0.006882 seconds
Number of updated asset objects reloaded before import = 0
Number of asset objects unloaded after import = 5
========================================================================
Received Import Request.
  Time since last request: 0.359797 seconds.
  path: Assets/Epic Toon FX/Prefabs/Environment/Water/Flowing/Sharp/WaterRippleSharp.prefab
  artifactKey: Guid(e91e4045ff720a04b936e2d9e5df0dc4) Importer(815301076,1909f56bfc062723c751e8b465ee728b)
Start importing Assets/Epic Toon FX/Prefabs/Environment/Water/Flowing/Sharp/WaterRippleSharp.prefab using Guid(e91e4045ff720a04b936e2d9e5df0dc4) Importer(815301076,1909f56bfc062723c751e8b465ee728b)  -> (artifact id: '1882770e32677b916124c01acbfde596') in 0.008707 seconds
Number of updated asset objects reloaded before import = 0
Number of asset objects unloaded after import = 9
========================================================================
Received Import Request.
  Time since last request: 0.000042 seconds.
  path: Assets/Epic Toon FX/Prefabs/Environment/Water/Flowing/Transparent/WaterRippleTrsp.prefab
  artifactKey: Guid(90bedc5628de626479866e25dc7658de) Importer(815301076,1909f56bfc062723c751e8b465ee728b)
Start importing Assets/Epic Toon FX/Prefabs/Environment/Water/Flowing/Transparent/WaterRippleTrsp.prefab using Guid(90bedc5628de626479866e25dc7658de) Importer(815301076,1909f56bfc062723c751e8b465ee728b)  -> (artifact id: '41469d78fa03b8e6cde0d99e25b335b3') in 0.009399 seconds
Number of updated asset objects reloaded before import = 0
Number of asset objects unloaded after import = 9
========================================================================
Received Import Request.
  Time since last request: 14.083632 seconds.
  path: Assets/Epic Toon FX/Prefabs/Combat/Magic/Aura Soft/AuraSoftBlue.prefab
  artifactKey: Guid(6561be0bdcabd634da8ca71c49c14153) Importer(815301076,1909f56bfc062723c751e8b465ee728b)
Start importing Assets/Epic Toon FX/Prefabs/Combat/Magic/Aura Soft/AuraSoftBlue.prefab using Guid(6561be0bdcabd634da8ca71c49c14153) Importer(815301076,1909f56bfc062723c751e8b465ee728b)  -> (artifact id: 'af4474b3a43a42f7258bdb5d70de3ed9') in 0.054693 seconds
Number of updated asset objects reloaded before import = 0
Number of asset objects unloaded after import = 15
========================================================================
Received Import Request.
  Time since last request: 0.000102 seconds.
  path: Assets/Epic Toon FX/Prefabs/Combat/Explosions (Misc)/BalloonPopExplosion.prefab
  artifactKey: Guid(c2f28a236b0696a4f90a994422019577) Importer(815301076,1909f56bfc062723c751e8b465ee728b)
Start importing Assets/Epic Toon FX/Prefabs/Combat/Explosions (Misc)/BalloonPopExplosion.prefab using Guid(c2f28a236b0696a4f90a994422019577) Importer(815301076,1909f56bfc062723c751e8b465ee728b)  -> (artifact id: '8a8f1cb8f68ef21a2039528bc479db32') in 0.017812 seconds
Number of updated asset objects reloaded before import = 0
Number of asset objects unloaded after import = 23
========================================================================
Received Import Request.
  Time since last request: 1.022035 seconds.
  path: Assets/Art/Asset/BattleStageObj01.prefab
  artifactKey: Guid(105f22c7fae4ecd40b54f9d63d53ec71) Importer(815301076,1909f56bfc062723c751e8b465ee728b)
Start importing Assets/Art/Asset/BattleStageObj01.prefab using Guid(105f22c7fae4ecd40b54f9d63d53ec71) Importer(815301076,1909f56bfc062723c751e8b465ee728b)  -> (artifact id: '345761de47f31d3f96c1561dbf7332ce') in 0.011514 seconds
Number of updated asset objects reloaded before import = 0
Number of asset objects unloaded after import = 11
========================================================================
Received Import Request.
  Time since last request: 0.000081 seconds.
  path: Assets/Resources/GUI/GUI_BattleMain.prefab
  artifactKey: Guid(c8a5a2fdf92c1824d8b9fe653e727615) Importer(815301076,1909f56bfc062723c751e8b465ee728b)
Start importing Assets/Resources/GUI/GUI_BattleMain.prefab using Guid(c8a5a2fdf92c1824d8b9fe653e727615) Importer(815301076,1909f56bfc062723c751e8b465ee728b)  -> (artifact id: 'adfc73d28a19a67913ed2b272d330a36') in 0.103692 seconds
Number of updated asset objects reloaded before import = 0
Number of asset objects unloaded after import = 63
========================================================================
Received Prepare
Begin MonoManager ReloadAssembly
Thread 0x16fef3000 may have been prematurely finalized
- Loaded All Assemblies, in  0.434 seconds
Refreshing native plugins compatible for Editor in 1.17 ms, found 3 plugins.
Native extension for iOS target not found
Native extension for OSXStandalone target not found
[Package Manager] Server::EnsureServerProcessIsRunning -- launch failed, reason: Unity was launched with the -noUpm command-line argument
[Package Manager] UpmClient::Send -- Unable to send message (not connected to UPM process).
[Package Manager] Cannot connect to Unity Package Manager local server
Mono: successfully reloaded assembly
- Finished resetting the current domain, in  1.348 seconds
Domain Reload Profiling: 1782ms
	BeginReloadAssembly (122ms)
		ExecutionOrderSort (0ms)
		DisableScriptedObjects (11ms)
		BackupInstance (0ms)
		ReleaseScriptingObjects (0ms)
		CreateAndSetChildDomain (55ms)
	RebuildCommonClasses (24ms)
	RebuildNativeTypeToScriptingClass (8ms)
	initialDomainReloadingComplete (15ms)
	LoadAllAssembliesAndSetupDomain (265ms)
		LoadAssemblies (271ms)
		RebuildTransferFunctionScriptingTraits (0ms)
		AnalyzeDomain (27ms)
			TypeCache.Refresh (16ms)
				TypeCache.ScanAssembly (0ms)
			ScanForSourceGeneratedMonoScriptInfo (0ms)
			ResolveRequiredComponents (10ms)
	FinalizeReload (1348ms)
		ReleaseScriptCaches (0ms)
		RebuildScriptCaches (0ms)
		SetupLoadedEditorAssemblies (376ms)
			LogAssemblyErrors (0ms)
			InitializePlatformSupportModulesInManaged (16ms)
			SetLoadedEditorAssemblies (5ms)
			RefreshPlugins (0ms)
			BeforeProcessingInitializeOnLoad (83ms)
			ProcessInitializeOnLoadAttributes (229ms)
			ProcessInitializeOnLoadMethodAttributes (42ms)
			AfterProcessingInitializeOnLoad (1ms)
			EditorAssembliesLoaded (0ms)
		ExecutionOrderSort2 (0ms)
		AwakeInstancesAfterBackupRestoration (11ms)
Refreshing native plugins compatible for Editor in 1.19 ms, found 3 plugins.
Preloading 0 native plugins for Editor in 0.00 ms.
Unloading 5639 Unused Serialized files (Serialized files now loaded: 0)
Unloading 67 unused Assets / (1.2 MB). Loaded Objects now: 6423.
Memory consumption went from 274.6 MB to 273.5 MB.
Total: 3.079750 ms (FindLiveObjects: 0.243292 ms CreateObjectMapping: 0.072500 ms MarkObjects: 2.415792 ms  DeleteObjects: 0.347708 ms)

Prepare: number of updated asset objects reloaded= 0
AssetImportParameters requested are different than current active one (requested -> active):
  custom:container-demuxer-ogg: 62fdf1f143b41e24485cea50d1cbac27 -> 
  custom:video-decoder-ogg-theora: a1e56fd34408186e4bbccfd4996cb3dc -> 
  custom:CustomObjectIndexerAttribute: a3ef5dd2817f97addfee359851a9dba5 -> 
  custom:container-demuxer-webm: 4f35f7cbe854078d1ac9338744f61a02 -> 
  custom:container-muxer-webm: aa71ff27fc2769a1b78a27578f13a17b -> 
  custom:video-decoder-webm-vp8: 9c59270c3fd7afecdb556c50c9e8de78 -> 
  custom:SearchIndexIgnoredProperties: e643bd26f0fe6173181afceb89e7c659 -> 
  custom:AudioImporter_EditorPlatform: 3918e3fc78b5a79bad01e8451be0beb8 -> 
  custom:framework-osx-AVFoundation: e770b220cccbd017edd2c1fefb359320 -> 
  custom:video-encoder-webm-vp8: eb34c28f22e8b96e1ab97ce403110664 -> 
  custom:audio-decoder-ogg-vorbis: bf7c407c2cedff20999df2af8eb42d56 -> 
  custom:audio-encoder-webm-vorbis: bf7c407c2cedff20999df2af8eb42d56 -> 
========================================================================
Received Import Request.
  Time since last request: 81.308832 seconds.
  path: Assets/Settings/Renderer2D.asset
  artifactKey: Guid(424799608f7334c24bf367e4bbfa7f9a) Importer(815301076,1909f56bfc062723c751e8b465ee728b)
Start importing Assets/Settings/Renderer2D.asset using Guid(424799608f7334c24bf367e4bbfa7f9a) Importer(815301076,1909f56bfc062723c751e8b465ee728b)  -> (artifact id: '0a1c60beb79c827bd504f101671fa3f5') in 0.036802 seconds
Number of updated asset objects reloaded before import = 0
Number of asset objects unloaded after import = 0
========================================================================
Received Import Request.
  Time since last request: 0.000111 seconds.
  path: Assets/Settings/UniversalRP.asset
  artifactKey: Guid(681886c5eb7344803b6206f758bf0b1c) Importer(815301076,1909f56bfc062723c751e8b465ee728b)
Start importing Assets/Settings/UniversalRP.asset using Guid(681886c5eb7344803b6206f758bf0b1c) Importer(815301076,1909f56bfc062723c751e8b465ee728b)  -> (artifact id: '8cd81a20a02c423014bb74d81125e9b1') in 0.000667 seconds
Number of updated asset objects reloaded before import = 0
Number of asset objects unloaded after import = 0
========================================================================
Received Import Request.
  Time since last request: 0.928916 seconds.
  path: Assets/Script/Sound/Flame.wav
  artifactKey: Guid(752631383db308445a171f490caa2f49) Importer(815301076,1909f56bfc062723c751e8b465ee728b)
Start importing Assets/Script/Sound/Flame.wav using Guid(752631383db308445a171f490caa2f49) Importer(815301076,1909f56bfc062723c751e8b465ee728b)  -> (artifact id: 'fce1fc657a6e0fa65fb158880ddac41d') in 0.049072 seconds
Number of updated asset objects reloaded before import = 0
Number of asset objects unloaded after import = 2
========================================================================
Received Import Request.
  Time since last request: 0.000238 seconds.
  path: Assets/Script/Sound/Mainmenu.mp3
  artifactKey: Guid(dc3898c9412790b439cf919b490e3e5a) Importer(815301076,1909f56bfc062723c751e8b465ee728b)
Start importing Assets/Script/Sound/Mainmenu.mp3 using Guid(dc3898c9412790b439cf919b490e3e5a) Importer(815301076,1909f56bfc062723c751e8b465ee728b)  -> (artifact id: '5e55ba5284469e58f247a58ea9e747e4') in 0.007591 seconds
Number of updated asset objects reloaded before import = 0
Number of asset objects unloaded after import = 2
========================================================================
Received Prepare
Begin MonoManager ReloadAssembly
Thread 0x2872c7000 may have been prematurely finalized
- Loaded All Assemblies, in  0.455 seconds
Refreshing native plugins compatible for Editor in 1.13 ms, found 3 plugins.
Native extension for iOS target not found
2024-02-25 17:00:14.919 Unity[7285:377791] [XcodeApplications] Failed to read NSDictionary from path xԙj/Contents/Info.plist
Native extension for OSXStandalone target not found
[Package Manager] Server::EnsureServerProcessIsRunning -- launch failed, reason: Unity was launched with the -noUpm command-line argument
[Package Manager] UpmClient::Send -- Unable to send message (not connected to UPM process).
[Package Manager] Cannot connect to Unity Package Manager local server
Mono: successfully reloaded assembly
- Finished resetting the current domain, in  1.083 seconds
Domain Reload Profiling: 1538ms
	BeginReloadAssembly (133ms)
		ExecutionOrderSort (0ms)
		DisableScriptedObjects (23ms)
		BackupInstance (0ms)
		ReleaseScriptingObjects (0ms)
		CreateAndSetChildDomain (51ms)
	RebuildCommonClasses (23ms)
	RebuildNativeTypeToScriptingClass (8ms)
	initialDomainReloadingComplete (15ms)
	LoadAllAssembliesAndSetupDomain (275ms)
		LoadAssemblies (269ms)
		RebuildTransferFunctionScriptingTraits (0ms)
		AnalyzeDomain (41ms)
			TypeCache.Refresh (15ms)
				TypeCache.ScanAssembly (1ms)
			ScanForSourceGeneratedMonoScriptInfo (17ms)
			ResolveRequiredComponents (9ms)
	FinalizeReload (1083ms)
		ReleaseScriptCaches (0ms)
		RebuildScriptCaches (0ms)
		SetupLoadedEditorAssemblies (350ms)
			LogAssemblyErrors (0ms)
			InitializePlatformSupportModulesInManaged (16ms)
			SetLoadedEditorAssemblies (10ms)
			RefreshPlugins (0ms)
			BeforeProcessingInitializeOnLoad (72ms)
			ProcessInitializeOnLoadAttributes (210ms)
			ProcessInitializeOnLoadMethodAttributes (41ms)
			AfterProcessingInitializeOnLoad (1ms)
			EditorAssembliesLoaded (0ms)
		ExecutionOrderSort2 (0ms)
		AwakeInstancesAfterBackupRestoration (9ms)
Refreshing native plugins compatible for Editor in 1.23 ms, found 3 plugins.
Preloading 0 native plugins for Editor in 0.00 ms.
Unloading 5639 Unused Serialized files (Serialized files now loaded: 0)
Unloading 67 unused Assets / (1.2 MB). Loaded Objects now: 6428.
Memory consumption went from 283.8 MB to 282.7 MB.
Total: 3.653292 ms (FindLiveObjects: 0.223791 ms CreateObjectMapping: 0.076375 ms MarkObjects: 2.974459 ms  DeleteObjects: 0.377959 ms)

Prepare: number of updated asset objects reloaded= 0
AssetImportParameters requested are different than current active one (requested -> active):
  custom:container-demuxer-ogg: 62fdf1f143b41e24485cea50d1cbac27 -> 
  custom:video-decoder-ogg-theora: a1e56fd34408186e4bbccfd4996cb3dc -> 
  custom:CustomObjectIndexerAttribute: a3ef5dd2817f97addfee359851a9dba5 -> 
  custom:container-demuxer-webm: 4f35f7cbe854078d1ac9338744f61a02 -> 
  custom:container-muxer-webm: aa71ff27fc2769a1b78a27578f13a17b -> 
  custom:video-decoder-webm-vp8: 9c59270c3fd7afecdb556c50c9e8de78 -> 
  custom:SearchIndexIgnoredProperties: e643bd26f0fe6173181afceb89e7c659 -> 
  custom:AudioImporter_EditorPlatform: 3918e3fc78b5a79bad01e8451be0beb8 -> 
  custom:framework-osx-AVFoundation: e770b220cccbd017edd2c1fefb359320 -> 
  custom:video-encoder-webm-vp8: eb34c28f22e8b96e1ab97ce403110664 -> 
  custom:audio-decoder-ogg-vorbis: bf7c407c2cedff20999df2af8eb42d56 -> 
  custom:audio-encoder-webm-vorbis: bf7c407c2cedff20999df2af8eb42d56 -> 
========================================================================
Received Prepare
Begin MonoManager ReloadAssembly
Thread 0x287553000 may have been prematurely finalized
- Loaded All Assemblies, in  0.608 seconds
Refreshing native plugins compatible for Editor in 1.01 ms, found 3 plugins.
Native extension for iOS target not found
Native extension for OSXStandalone target not found
[Package Manager] Server::EnsureServerProcessIsRunning -- launch failed, reason: Unity was launched with the -noUpm command-line argument
[Package Manager] UpmClient::Send -- Unable to send message (not connected to UPM process).
[Package Manager] Cannot connect to Unity Package Manager local server
Mono: successfully reloaded assembly
- Finished resetting the current domain, in  1.172 seconds
Domain Reload Profiling: 1781ms
	BeginReloadAssembly (171ms)
		ExecutionOrderSort (0ms)
		DisableScriptedObjects (8ms)
		BackupInstance (0ms)
		ReleaseScriptingObjects (0ms)
		CreateAndSetChildDomain (78ms)
	RebuildCommonClasses (23ms)
	RebuildNativeTypeToScriptingClass (8ms)
	initialDomainReloadingComplete (18ms)
	LoadAllAssembliesAndSetupDomain (387ms)
		LoadAssemblies (409ms)
		RebuildTransferFunctionScriptingTraits (0ms)
		AnalyzeDomain (39ms)
			TypeCache.Refresh (11ms)
				TypeCache.ScanAssembly (1ms)
			ScanForSourceGeneratedMonoScriptInfo (16ms)
			ResolveRequiredComponents (10ms)
	FinalizeReload (1172ms)
		ReleaseScriptCaches (0ms)
		RebuildScriptCaches (0ms)
		SetupLoadedEditorAssemblies (342ms)
			LogAssemblyErrors (0ms)
			InitializePlatformSupportModulesInManaged (15ms)
			SetLoadedEditorAssemblies (9ms)
			RefreshPlugins (0ms)
			BeforeProcessingInitializeOnLoad (71ms)
			ProcessInitializeOnLoadAttributes (207ms)
			ProcessInitializeOnLoadMethodAttributes (38ms)
			AfterProcessingInitializeOnLoad (1ms)
			EditorAssembliesLoaded (0ms)
		ExecutionOrderSort2 (0ms)
		AwakeInstancesAfterBackupRestoration (10ms)
Refreshing native plugins compatible for Editor in 1.27 ms, found 3 plugins.
Preloading 0 native plugins for Editor in 0.00 ms.
Unloading 5639 Unused Serialized files (Serialized files now loaded: 0)
Unloading 67 unused Assets / (1.1 MB). Loaded Objects now: 6433.
Memory consumption went from 292.7 MB to 291.5 MB.
Total: 2.965042 ms (FindLiveObjects: 0.236792 ms CreateObjectMapping: 0.071666 ms MarkObjects: 2.319542 ms  DeleteObjects: 0.336667 ms)

Prepare: number of updated asset objects reloaded= 0
AssetImportParameters requested are different than current active one (requested -> active):
  custom:container-demuxer-ogg: 62fdf1f143b41e24485cea50d1cbac27 -> 
  custom:video-decoder-ogg-theora: a1e56fd34408186e4bbccfd4996cb3dc -> 
  custom:CustomObjectIndexerAttribute: a3ef5dd2817f97addfee359851a9dba5 -> 
  custom:container-demuxer-webm: 4f35f7cbe854078d1ac9338744f61a02 -> 
  custom:container-muxer-webm: aa71ff27fc2769a1b78a27578f13a17b -> 
  custom:video-decoder-webm-vp8: 9c59270c3fd7afecdb556c50c9e8de78 -> 
  custom:SearchIndexIgnoredProperties: e643bd26f0fe6173181afceb89e7c659 -> 
  custom:AudioImporter_EditorPlatform: 3918e3fc78b5a79bad01e8451be0beb8 -> 
  custom:framework-osx-AVFoundation: e770b220cccbd017edd2c1fefb359320 -> 
  custom:video-encoder-webm-vp8: eb34c28f22e8b96e1ab97ce403110664 -> 
  custom:audio-decoder-ogg-vorbis: bf7c407c2cedff20999df2af8eb42d56 -> 
  custom:audio-encoder-webm-vorbis: bf7c407c2cedff20999df2af8eb42d56 -> 
========================================================================
Received Import Request.
  Time since last request: 179.181242 seconds.
  path: Assets/Script/Temp Folder 0819/Item Script/Arrow_Under.asset
  artifactKey: Guid(819a1f9f33684d84fa69b6405bc43b04) Importer(815301076,1909f56bfc062723c751e8b465ee728b)
Start importing Assets/Script/Temp Folder 0819/Item Script/Arrow_Under.asset using Guid(819a1f9f33684d84fa69b6405bc43b04) Importer(815301076,1909f56bfc062723c751e8b465ee728b)  -> (artifact id: '0dabb2884de44fded6fe194a43d02cfa') in 0.022163 seconds
Number of updated asset objects reloaded before import = 0
Number of asset objects unloaded after import = 2
========================================================================
Received Import Request.
  Time since last request: 52.517152 seconds.
  path: Assets/TextMesh Pro/Shaders/TMPro_Mobile.cginc
  artifactKey: Guid(c334973cef89a9840b0b0c507e0377ab) Importer(815301076,1909f56bfc062723c751e8b465ee728b)
Start importing Assets/TextMesh Pro/Shaders/TMPro_Mobile.cginc using Guid(c334973cef89a9840b0b0c507e0377ab) Importer(815301076,1909f56bfc062723c751e8b465ee728b)  -> (artifact id: 'fa620e0ecf7fd4e5cc5e681de5439943') in 0.003107 seconds
Number of updated asset objects reloaded before import = 0
Number of asset objects unloaded after import = 1
========================================================================
Received Import Request.
  Time since last request: 0.000057 seconds.
  path: Assets/TextMesh Pro/Shaders/TMPro_Properties.cginc
  artifactKey: Guid(3997e2241185407d80309a82f9148466) Importer(815301076,1909f56bfc062723c751e8b465ee728b)
Start importing Assets/TextMesh Pro/Shaders/TMPro_Properties.cginc using Guid(3997e2241185407d80309a82f9148466) Importer(815301076,1909f56bfc062723c751e8b465ee728b)  -> (artifact id: '2f9b52779e0c60b4dd5d484511735879') in 0.000849 seconds
Number of updated asset objects reloaded before import = 0
Number of asset objects unloaded after import = 1
========================================================================
Received Import Request.
  Time since last request: 1.360153 seconds.
  path: Assets/UI/Texture/title.png
  artifactKey: Guid(587a39056dbd60a448e4159a168f686e) Importer(815301076,1909f56bfc062723c751e8b465ee728b)
Start importing Assets/UI/Texture/title.png using Guid(587a39056dbd60a448e4159a168f686e) Importer(815301076,1909f56bfc062723c751e8b465ee728b)  -> (artifact id: '3d04bb13766f479c346ec282a718d9c9') in 0.078580 seconds
Number of updated asset objects reloaded before import = 0
Number of asset objects unloaded after import = 3
========================================================================
Received Import Request.
  Time since last request: 13.947726 seconds.
  path: Assets/Player_Prefab/Monster01/1.png
  artifactKey: Guid(067867f831dd0ee4b8aa3b51ba337cc0) Importer(815301076,1909f56bfc062723c751e8b465ee728b)
Start importing Assets/Player_Prefab/Monster01/1.png using Guid(067867f831dd0ee4b8aa3b51ba337cc0) Importer(815301076,1909f56bfc062723c751e8b465ee728b)  -> (artifact id: '58733ea13fe2a10e76c53b6b2501e8a0') in 0.013313 seconds
Number of updated asset objects reloaded before import = 0
Number of asset objects unloaded after import = 3
========================================================================
Received Import Request.
  Time since last request: 0.000042 seconds.
  path: Assets/Player_Prefab/Monster01/11.png
  artifactKey: Guid(e8321b4aa63a7554dbe1f5a1bb6c09b7) Importer(815301076,1909f56bfc062723c751e8b465ee728b)
Start importing Assets/Player_Prefab/Monster01/11.png using Guid(e8321b4aa63a7554dbe1f5a1bb6c09b7) Importer(815301076,1909f56bfc062723c751e8b465ee728b)  -> (artifact id: 'c5c0c9a4104c7bbcc80130b34e3c0042') in 0.011198 seconds
Number of updated asset objects reloaded before import = 0
Number of asset objects unloaded after import = 3
========================================================================
Received Import Request.
  Time since last request: 0.000066 seconds.
  path: Assets/Player_Prefab/Monster01/6.png
  artifactKey: Guid(cbfa22136338f5b4ca69c076c0e62da2) Importer(815301076,1909f56bfc062723c751e8b465ee728b)
Start importing Assets/Player_Prefab/Monster01/6.png using Guid(cbfa22136338f5b4ca69c076c0e62da2) Importer(815301076,1909f56bfc062723c751e8b465ee728b)  -> (artifact id: 'c6ac9f2ef8381c69bd1683e7cc39de6b') in 0.010399 seconds
Number of updated asset objects reloaded before import = 0
Number of asset objects unloaded after import = 3
========================================================================
Received Import Request.
  Time since last request: 0.000103 seconds.
  path: Assets/Player_Prefab/Monster01/5.png
  artifactKey: Guid(46ec2a65568675c429558c628be8c022) Importer(815301076,1909f56bfc062723c751e8b465ee728b)
Start importing Assets/Player_Prefab/Monster01/5.png using Guid(46ec2a65568675c429558c628be8c022) Importer(815301076,1909f56bfc062723c751e8b465ee728b)  -> (artifact id: 'd0496e26a9eafaae4f276fda0abc64a9') in 0.009165 seconds
Number of updated asset objects reloaded before import = 0
Number of asset objects unloaded after import = 3
========================================================================
Received Import Request.
  Time since last request: 0.000098 seconds.
  path: Assets/Player_Prefab/Monster01/9.png
  artifactKey: Guid(bd126f20914719f468441450c0032940) Importer(815301076,1909f56bfc062723c751e8b465ee728b)
Start importing Assets/Player_Prefab/Monster01/9.png using Guid(bd126f20914719f468441450c0032940) Importer(815301076,1909f56bfc062723c751e8b465ee728b)  -> (artifact id: 'b77056f8846600c40ee6ff04a203913a') in 0.010742 seconds
Number of updated asset objects reloaded before import = 0
Number of asset objects unloaded after import = 3
========================================================================
Received Import Request.
  Time since last request: 0.000039 seconds.
  path: Assets/Player_Prefab/Monster01/8.png
  artifactKey: Guid(c8e16a4213101354aa94ad174f459457) Importer(815301076,1909f56bfc062723c751e8b465ee728b)
Start importing Assets/Player_Prefab/Monster01/8.png using Guid(c8e16a4213101354aa94ad174f459457) Importer(815301076,1909f56bfc062723c751e8b465ee728b)  -> (artifact id: 'd9d83fa37bc7468cda72f30bfa33574b') in 0.011436 seconds
Number of updated asset objects reloaded before import = 0
Number of asset objects unloaded after import = 3
========================================================================
Received Import Request.
  Time since last request: 0.000039 seconds.
  path: Assets/Player_Prefab/Monster01/3.png
  artifactKey: Guid(a9d0550763a39d344a62cf03746447df) Importer(815301076,1909f56bfc062723c751e8b465ee728b)
Start importing Assets/Player_Prefab/Monster01/3.png using Guid(a9d0550763a39d344a62cf03746447df) Importer(815301076,1909f56bfc062723c751e8b465ee728b)  -> (artifact id: '4268300551e6121f9bf161deaf10136b') in 0.010903 seconds
Number of updated asset objects reloaded before import = 0
Number of asset objects unloaded after import = 3
========================================================================
Received Import Request.
  Time since last request: 1.244679 seconds.
  path: Assets/Player_Prefab/ItemDropAni/IMG_4623.png
  artifactKey: Guid(23d0efbff28c1418f932157f39135658) Importer(815301076,1909f56bfc062723c751e8b465ee728b)
Start importing Assets/Player_Prefab/ItemDropAni/IMG_4623.png using Guid(23d0efbff28c1418f932157f39135658) Importer(815301076,1909f56bfc062723c751e8b465ee728b)  -> (artifact id: 'b9d67d5493bdbd8774700f55470998cc') in 0.011734 seconds
Number of updated asset objects reloaded before import = 0
Number of asset objects unloaded after import = 3
========================================================================
Received Import Request.
  Time since last request: 0.000110 seconds.
  path: Assets/Player_Prefab/ItemDropAni/IMG_4624.png
  artifactKey: Guid(1190bc9ace280477388390366d24e859) Importer(815301076,1909f56bfc062723c751e8b465ee728b)
Start importing Assets/Player_Prefab/ItemDropAni/IMG_4624.png using Guid(1190bc9ace280477388390366d24e859) Importer(815301076,1909f56bfc062723c751e8b465ee728b)  -> (artifact id: 'f1b710f8c851f115650ac0c31e7d329b') in 0.010751 seconds
Number of updated asset objects reloaded before import = 0
Number of asset objects unloaded after import = 3
========================================================================
Received Import Request.
  Time since last request: 0.000049 seconds.
  path: Assets/Player_Prefab/ItemDropAni/IMG_4625.png
  artifactKey: Guid(97a57073c59e2402ebebf0f70978667b) Importer(815301076,1909f56bfc062723c751e8b465ee728b)
Start importing Assets/Player_Prefab/ItemDropAni/IMG_4625.png using Guid(97a57073c59e2402ebebf0f70978667b) Importer(815301076,1909f56bfc062723c751e8b465ee728b)  -> (artifact id: '28125161cbeddc627271edd00e92f888') in 0.007469 seconds
Number of updated asset objects reloaded before import = 0
Number of asset objects unloaded after import = 3
========================================================================
Received Prepare
Begin MonoManager ReloadAssembly
Thread 0x2872cb000 may have been prematurely finalized
- Loaded All Assemblies, in  0.418 seconds
Refreshing native plugins compatible for Editor in 1.19 ms, found 3 plugins.
Native extension for iOS target not found
Native extension for OSXStandalone target not found
[Package Manager] Server::EnsureServerProcessIsRunning -- launch failed, reason: Unity was launched with the -noUpm command-line argument
[Package Manager] UpmClient::Send -- Unable to send message (not connected to UPM process).
[Package Manager] Cannot connect to Unity Package Manager local server
Mono: successfully reloaded assembly
- Finished resetting the current domain, in  1.317 seconds
Domain Reload Profiling: 1735ms
	BeginReloadAssembly (117ms)
		ExecutionOrderSort (0ms)
		DisableScriptedObjects (8ms)
		BackupInstance (0ms)
		ReleaseScriptingObjects (0ms)
		CreateAndSetChildDomain (49ms)
	RebuildCommonClasses (23ms)
	RebuildNativeTypeToScriptingClass (8ms)
	initialDomainReloadingComplete (15ms)
	LoadAllAssembliesAndSetupDomain (256ms)
		LoadAssemblies (263ms)
		RebuildTransferFunctionScriptingTraits (0ms)
		AnalyzeDomain (28ms)
			TypeCache.Refresh (18ms)
				TypeCache.ScanAssembly (0ms)
			ScanForSourceGeneratedMonoScriptInfo (0ms)
			ResolveRequiredComponents (9ms)
	FinalizeReload (1317ms)
		ReleaseScriptCaches (0ms)
		RebuildScriptCaches (0ms)
		SetupLoadedEditorAssemblies (384ms)
			LogAssemblyErrors (0ms)
			InitializePlatformSupportModulesInManaged (20ms)
			SetLoadedEditorAssemblies (6ms)
			RefreshPlugins (0ms)
			BeforeProcessingInitializeOnLoad (84ms)
			ProcessInitializeOnLoadAttributes (232ms)
			ProcessInitializeOnLoadMethodAttributes (42ms)
			AfterProcessingInitializeOnLoad (1ms)
			EditorAssembliesLoaded (0ms)
		ExecutionOrderSort2 (0ms)
		AwakeInstancesAfterBackupRestoration (11ms)
Refreshing native plugins compatible for Editor in 1.20 ms, found 3 plugins.
Preloading 0 native plugins for Editor in 0.00 ms.
Unloading 5639 Unused Serialized files (Serialized files now loaded: 0)
Unloading 67 unused Assets / (1.2 MB). Loaded Objects now: 6447.
Memory consumption went from 302.1 MB to 301.0 MB.
Total: 3.225458 ms (FindLiveObjects: 0.247500 ms CreateObjectMapping: 0.075250 ms MarkObjects: 2.515541 ms  DeleteObjects: 0.386709 ms)

Prepare: number of updated asset objects reloaded= 0
AssetImportParameters requested are different than current active one (requested -> active):
  custom:container-demuxer-ogg: 62fdf1f143b41e24485cea50d1cbac27 -> 
  custom:video-decoder-ogg-theora: a1e56fd34408186e4bbccfd4996cb3dc -> 
  custom:CustomObjectIndexerAttribute: a3ef5dd2817f97addfee359851a9dba5 -> 
  custom:container-demuxer-webm: 4f35f7cbe854078d1ac9338744f61a02 -> 
  custom:container-muxer-webm: aa71ff27fc2769a1b78a27578f13a17b -> 
  custom:video-decoder-webm-vp8: 9c59270c3fd7afecdb556c50c9e8de78 -> 
  custom:SearchIndexIgnoredProperties: e643bd26f0fe6173181afceb89e7c659 -> 
  custom:AudioImporter_EditorPlatform: 3918e3fc78b5a79bad01e8451be0beb8 -> 
  custom:framework-osx-AVFoundation: e770b220cccbd017edd2c1fefb359320 -> 
  custom:video-encoder-webm-vp8: eb34c28f22e8b96e1ab97ce403110664 -> 
  custom:audio-decoder-ogg-vorbis: bf7c407c2cedff20999df2af8eb42d56 -> 
  custom:audio-encoder-webm-vorbis: bf7c407c2cedff20999df2af8eb42d56 -> 
